{
"public/app/testing/index.ts":{"path":"public/app/testing/index.ts","statementMap":{"1":{"start":{"line":1,"column":0},"end":{"line":1,"column":31}},"2":{"start":{"line":2,"column":0},"end":{"line":2,"column":26}},"3":{"start":{"line":3,"column":0},"end":{"line":3,"column":30}},"4":{"start":{"line":4,"column":0},"end":{"line":4,"column":35}}},"fnMap":{},"branchMap":{},"s":{"1":1,"2":1,"3":1,"4":1},"b":{},"f":{},"l":{"1":1,"2":1,"3":1,"4":1}},
"public/app/testing/router-stubs.ts":{"path":"public/app/testing/router-stubs.ts","statementMap":{"1":{"start":{"line":3,"column":0},"end":{"line":3,"column":82}},"2":{"start":{"line":3,"column":9},"end":{"line":3,"column":23}},"3":{"start":{"line":3,"column":25},"end":{"line":3,"column":31}},"4":{"start":{"line":3,"column":33},"end":{"line":3,"column":43}},"5":{"start":{"line":3,"column":45},"end":{"line":3,"column":57}},"6":{"start":{"line":5,"column":0},"end":{"line":5,"column":71}},"7":{"start":{"line":6,"column":0},"end":{"line":6,"column":79}},"8":{"start":{"line":14,"column":0},"end":{"line":21,"column":0}},"9":{"start":{"line":16,"column":2},"end":{"line":16,"column":26}},"10":{"start":{"line":18,"column":2},"end":{"line":20,"column":3}},"11":{"start":{"line":19,"column":4},"end":{"line":19,"column":39}},"12":{"start":{"line":15,"column":23},"end":{"line":15,"column":39}},"13":{"start":{"line":14,"column":13},"end":{"line":21,"column":1}},"14":{"start":{"line":21,"column":0},"end":{"line":21,"column":1}},"15":{"start":{"line":14,"column":13},"end":{"line":14,"column":36}},"16":{"start":{"line":24,"column":0},"end":{"line":24,"column":41}},"17":{"start":{"line":24,"column":13},"end":{"line":24,"column":42}},"18":{"start":{"line":24,"column":41},"end":{"line":24,"column":42}},"19":{"start":{"line":24,"column":13},"end":{"line":24,"column":38}},"20":{"start":{"line":27,"column":0},"end":{"line":32,"column":0}},"21":{"start":{"line":29,"column":2},"end":{"line":31,"column":3}},"22":{"start":{"line":30,"column":4},"end":{"line":30,"column":57}},"23":{"start":{"line":27,"column":13},"end":{"line":32,"column":1}},"24":{"start":{"line":32,"column":0},"end":{"line":32,"column":1}},"25":{"start":{"line":27,"column":13},"end":{"line":27,"column":23}},"26":{"start":{"line":36,"column":0},"end":{"line":36,"column":52}},"27":{"start":{"line":40,"column":0},"end":{"line":68,"column":0}},"28":{"start":{"line":43,"column":10},"end":{"line":43,"column":57}},"29":{"start":{"line":44,"column":2},"end":{"line":44,"column":39}},"30":{"start":{"line":51,"column":2},"end":{"line":51,"column":47}},"31":{"start":{"line":51,"column":21},"end":{"line":51,"column":45}},"32":{"start":{"line":53,"column":4},"end":{"line":53,"column":30}},"33":{"start":{"line":54,"column":4},"end":{"line":54,"column":30}},"34":{"start":{"line":55,"column":4},"end":{"line":55,"column":55}},"35":{"start":{"line":59,"column":2},"end":{"line":61,"column":3}},"36":{"start":{"line":60,"column":4},"end":{"line":60,"column":16}},"37":{"start":{"line":64,"column":2},"end":{"line":66,"column":3}},"38":{"start":{"line":65,"column":4},"end":{"line":65,"column":36}},"39":{"start":{"line":40,"column":13},"end":{"line":68,"column":1}},"40":{"start":{"line":68,"column":0},"end":{"line":68,"column":1}},"41":{"start":{"line":40,"column":13},"end":{"line":40,"column":31}}},"fnMap":{"1":{"name":"(anonymous_2)","line":14,"loc":{"start":{"line":14,"column":0},"end":{"line":14,"column":-1}}},"2":{"name":"RouterLinkStubDirective","line":8,"loc":{"start":{"line":8,"column":0},"end":{"line":21,"column":1}}},"3":{"name":"(anonymous_4)","line":18,"loc":{"start":{"line":18,"column":2},"end":{"line":20,"column":3}}},"4":{"name":"(anonymous_5)","line":24,"loc":{"start":{"line":24,"column":0},"end":{"line":24,"column":-1}}},"5":{"name":"RouterOutletStubComponent","line":24,"loc":{"start":{"line":24,"column":0},"end":{"line":24,"column":42}}},"6":{"name":"(anonymous_7)","line":27,"loc":{"start":{"line":27,"column":0},"end":{"line":27,"column":-1}}},"7":{"name":"RouterStub","line":27,"loc":{"start":{"line":27,"column":0},"end":{"line":32,"column":1}}},"8":{"name":"(anonymous_9)","line":29,"loc":{"start":{"line":29,"column":53},"end":{"line":31,"column":3}}},"9":{"name":"(anonymous_10)","line":40,"loc":{"start":{"line":40,"column":0},"end":{"line":40,"column":-1}}},"10":{"name":"ActivatedRouteStub","line":39,"loc":{"start":{"line":39,"column":0},"end":{"line":68,"column":1}}},"11":{"name":"(anonymous_12)","line":51,"loc":{"start":{"line":51,"column":2},"end":{"line":51,"column":47}}},"12":{"name":"(anonymous_13)","line":52,"loc":{"start":{"line":52,"column":27},"end":{"line":56,"column":3}}},"13":{"name":"(anonymous_14)","line":59,"loc":{"start":{"line":59,"column":2},"end":{"line":61,"column":3}}},"14":{"name":"(anonymous_15)","line":64,"loc":{"start":{"line":64,"column":29},"end":{"line":66,"column":3}}}},"branchMap":{},"s":{"1":1,"2":1,"3":1,"4":1,"5":1,"6":1,"7":1,"8":1,"9":243,"10":1,"11":0,"12":1,"13":1,"14":1,"15":1,"16":1,"17":1,"18":1,"19":1,"20":1,"21":1,"22":11,"23":1,"24":1,"25":1,"26":1,"27":1,"28":143,"29":143,"30":1,"31":271,"32":128,"33":128,"34":128,"35":1,"36":15,"37":1,"38":0,"39":1,"40":1,"41":1},"b":{},"f":{"1":1,"2":243,"3":0,"4":1,"5":0,"6":1,"7":128,"8":11,"9":1,"10":143,"11":271,"12":128,"13":15,"14":0},"l":{"3":1,"5":1,"6":1,"14":1,"15":1,"16":243,"18":1,"19":0,"21":1,"24":1,"27":1,"29":1,"30":11,"32":1,"36":1,"40":1,"43":143,"44":143,"51":271,"53":128,"54":128,"55":128,"59":1,"60":15,"64":1,"65":0,"68":1}},
"public/app/testing/helpers.ts":{"path":"public/app/testing/helpers.ts","statementMap":{"1":{"start":{"line":1,"column":0},"end":{"line":1,"column":56}},"2":{"start":{"line":4,"column":0},"end":{"line":4,"column":46}},"3":{"start":{"line":6,"column":13},"end":{"line":12,"column":1}},"4":{"start":{"line":7,"column":16},"end":{"line":8,"column":52}},"5":{"start":{"line":9,"column":14},"end":{"line":10,"column":83}},"6":{"start":{"line":10,"column":15},"end":{"line":10,"column":82}},"7":{"start":{"line":11,"column":2},"end":{"line":11,"column":15}},"8":{"start":{"line":14,"column":13},"end":{"line":25,"column":1}},"9":{"start":{"line":15,"column":16},"end":{"line":15,"column":28}},"10":{"start":{"line":16,"column":2},"end":{"line":23,"column":3}},"11":{"start":{"line":16,"column":11},"end":{"line":16,"column":10}},"12":{"start":{"line":17,"column":14},"end":{"line":17,"column":38}},"13":{"start":{"line":18,"column":4},"end":{"line":22,"column":5}},"14":{"start":{"line":19,"column":6},"end":{"line":19,"column":20}},"15":{"start":{"line":21,"column":6},"end":{"line":21,"column":18}},"16":{"start":{"line":24,"column":2},"end":{"line":24,"column":31}},"17":{"start":{"line":33,"column":44},"end":{"line":33,"column":59}},"18":{"start":{"line":33,"column":61},"end":{"line":33,"column":79}},"19":{"start":{"line":34,"column":12},"end":{"line":34,"column":47}},"20":{"start":{"line":35,"column":2},"end":{"line":35,"column":60}},"21":{"start":{"line":36,"column":2},"end":{"line":36,"column":13}},"22":{"start":{"line":33,"column":0},"end":{"line":37,"column":1}},"23":{"start":{"line":41,"column":13},"end":{"line":44,"column":2}},"24":{"start":{"line":47,"column":54},"end":{"line":47,"column":92}},"25":{"start":{"line":48,"column":2},"end":{"line":52,"column":3}},"26":{"start":{"line":49,"column":4},"end":{"line":49,"column":15}},"27":{"start":{"line":51,"column":4},"end":{"line":51,"column":46}},"28":{"start":{"line":47,"column":0},"end":{"line":53,"column":1}}},"fnMap":{"1":{"name":"(anonymous_0)","line":6,"loc":{"start":{"line":6,"column":68},"end":{"line":12,"column":1}}},"2":{"name":"(anonymous_1)","line":10,"loc":{"start":{"line":10,"column":11},"end":{"line":10,"column":82}}},"3":{"name":"(anonymous_2)","line":14,"loc":{"start":{"line":14,"column":83},"end":{"line":25,"column":1}}},"4":{"name":"newEvent","line":33,"loc":{"start":{"line":33,"column":79},"end":{"line":37,"column":1}}},"5":{"name":"click","line":47,"loc":{"start":{"line":47,"column":92},"end":{"line":53,"column":1}}}},"branchMap":{"1":{"line":18,"type":"if","locations":[{"start":{"line":18,"column":4},"end":{"line":22,"column":5}},{"start":{"line":18,"column":4},"end":{"line":22,"column":5}}]},"2":{"line":33,"type":"if","locations":[{"start":{"line":33,"column":44},"end":{"line":33,"column":59}},{"start":{"line":33,"column":44},"end":{"line":33,"column":59}}]},"3":{"line":33,"type":"if","locations":[{"start":{"line":33,"column":61},"end":{"line":33,"column":79}},{"start":{"line":33,"column":61},"end":{"line":33,"column":79}}]},"4":{"line":47,"type":"if","locations":[{"start":{"line":47,"column":54},"end":{"line":47,"column":92}},{"start":{"line":47,"column":54},"end":{"line":47,"column":92}}]},"5":{"line":48,"type":"if","locations":[{"start":{"line":48,"column":2},"end":{"line":52,"column":3}},{"start":{"line":48,"column":2},"end":{"line":52,"column":3}}]}},"s":{"1":1,"2":1,"3":1,"4":41,"5":41,"6":91,"7":41,"8":1,"9":190,"10":190,"11":380,"12":380,"13":380,"14":380,"15":0,"16":190,"17":0,"18":0,"19":0,"20":0,"21":0,"22":1,"23":1,"24":116,"25":58,"26":0,"27":58,"28":1},"b":{"1":[380,0],"2":[0,0],"3":[0,0],"4":[58,0],"5":[0,58]},"f":{"1":41,"2":91,"3":190,"4":0,"5":58},"l":{"1":1,"4":1,"6":1,"7":41,"9":41,"10":91,"11":41,"14":1,"15":190,"16":380,"17":380,"18":380,"19":380,"21":0,"24":190,"33":1,"34":0,"35":0,"36":0,"41":1,"47":116,"48":58,"49":0,"51":58}},
"public/app/testing/sample-data.ts":{"path":"public/app/testing/sample-data.ts","statementMap":{"1":{"start":{"line":4,"column":2},"end":{"line":4,"column":30}},"2":{"start":{"line":7,"column":11},"end":{"line":13,"column":1}},"3":{"start":{"line":15,"column":11},"end":{"line":21,"column":1}},"4":{"start":{"line":23,"column":11},"end":{"line":30,"column":2}},"5":{"start":{"line":32,"column":11},"end":{"line":39,"column":1}},"6":{"start":{"line":41,"column":11},"end":{"line":59,"column":2}},"7":{"start":{"line":61,"column":11},"end":{"line":61,"column":51}},"8":{"start":{"line":63,"column":11},"end":{"line":120,"column":1}},"9":{"start":{"line":122,"column":11},"end":{"line":122,"column":66}},"10":{"start":{"line":124,"column":11},"end":{"line":130,"column":1}},"11":{"start":{"line":132,"column":11},"end":{"line":138,"column":1}},"12":{"start":{"line":140,"column":11},"end":{"line":155,"column":1}},"13":{"start":{"line":157,"column":11},"end":{"line":157,"column":57}},"14":{"start":{"line":159,"column":11},"end":{"line":234,"column":1}},"15":{"start":{"line":236,"column":24},"end":{"line":261,"column":1}},"16":{"start":{"line":263,"column":11},"end":{"line":272,"column":3}},"17":{"start":{"line":264,"column":2},"end":{"line":271,"column":3}},"18":{"start":{"line":274,"column":11},"end":{"line":282,"column":2}},"19":{"start":{"line":275,"column":2},"end":{"line":281,"column":3}},"20":{"start":{"line":284,"column":13},"end":{"line":291,"column":1}},"21":{"start":{"line":293,"column":42},"end":{"line":308,"column":1}},"22":{"start":{"line":310,"column":42},"end":{"line":318,"column":1}},"23":{"start":{"line":320,"column":13},"end":{"line":323,"column":1}},"24":{"start":{"line":325,"column":42},"end":{"line":340,"column":1}},"25":{"start":{"line":342,"column":42},"end":{"line":357,"column":1}},"26":{"start":{"line":359,"column":13},"end":{"line":362,"column":1}},"27":{"start":{"line":364,"column":22},"end":{"line":371,"column":1}},"28":{"start":{"line":373,"column":22},"end":{"line":380,"column":1}},"29":{"start":{"line":381,"column":13},"end":{"line":384,"column":1}},"30":{"start":{"line":386,"column":31},"end":{"line":386,"column":112}},"31":{"start":{"line":388,"column":31},"end":{"line":388,"column":112}},"32":{"start":{"line":390,"column":31},"end":{"line":390,"column":113}},"33":{"start":{"line":392,"column":31},"end":{"line":392,"column":82}},"34":{"start":{"line":394,"column":13},"end":{"line":403,"column":1}}},"fnMap":{"1":{"name":"createArray","line":3,"loc":{"start":{"line":3,"column":38},"end":{"line":5,"column":1}}},"2":{"name":"(anonymous_1)","line":263,"loc":{"start":{"line":263,"column":52},"end":{"line":272,"column":1}}},"3":{"name":"(anonymous_2)","line":274,"loc":{"start":{"line":274,"column":66},"end":{"line":282,"column":1}}}},"branchMap":{},"s":{"1":20,"2":1,"3":1,"4":1,"5":1,"6":1,"7":1,"8":1,"9":1,"10":1,"11":1,"12":1,"13":1,"14":1,"15":1,"16":1,"17":3,"18":1,"19":3,"20":1,"21":1,"22":1,"23":1,"24":1,"25":1,"26":1,"27":1,"28":1,"29":1,"30":1,"31":1,"32":1,"33":1,"34":1},"b":{},"f":{"1":20,"2":3,"3":3},"l":{"4":20,"7":1,"15":1,"23":1,"32":1,"41":1,"61":1,"63":1,"122":1,"124":1,"132":1,"140":1,"157":1,"159":1,"236":1,"263":1,"264":3,"274":1,"275":3,"284":1,"293":1,"310":1,"320":1,"325":1,"342":1,"359":1,"364":1,"373":1,"381":1,"386":1,"388":1,"390":1,"392":1,"394":1}},
"public/app/testing/jasmine.matchers.ts":{"path":"public/app/testing/jasmine.matchers.ts","statementMap":{"1":{"start":{"line":6,"column":2},"end":{"line":8,"column":3}},"2":{"start":{"line":5,"column":0},"end":{"line":9,"column":1}},"3":{"start":{"line":12,"column":2},"end":{"line":27,"column":3}},"4":{"start":{"line":14,"column":16},"end":{"line":14,"column":74}},"5":{"start":{"line":15,"column":6},"end":{"line":15,"column":58}},"6":{"start":{"line":16,"column":6},"end":{"line":18,"column":7}},"7":{"start":{"line":17,"column":8},"end":{"line":17,"column":90}},"8":{"start":{"line":19,"column":25},"end":{"line":19,"column":73}},"9":{"start":{"line":20,"column":6},"end":{"line":25,"column":7}},"10":{"start":{"line":21,"column":8},"end":{"line":22,"column":81}},"11":{"start":{"line":24,"column":8},"end":{"line":24,"column":40}}},"fnMap":{"1":{"name":"addMatchers","line":5,"loc":{"start":{"line":5,"column":0},"end":{"line":9,"column":1}}},"2":{"name":"toTemplateMatch","line":11,"loc":{"start":{"line":11,"column":0},"end":{"line":28,"column":1}}},"3":{"name":"(anonymous_2)","line":13,"loc":{"start":{"line":13,"column":80},"end":{"line":26,"column":5}}}},"branchMap":{"1":{"line":14,"type":"cond-expr","locations":[{"start":{"line":14,"column":40},"end":{"line":14,"column":69}},{"start":{"line":14,"column":72},"end":{"line":14,"column":74}}]},"2":{"line":15,"type":"cond-expr","locations":[{"start":{"line":15,"column":43},"end":{"line":15,"column":45}},{"start":{"line":15,"column":48},"end":{"line":15,"column":56}}]},"3":{"line":16,"type":"if","locations":[{"start":{"line":16,"column":6},"end":{"line":18,"column":7}},{"start":{"line":16,"column":6},"end":{"line":18,"column":7}}]},"4":{"line":20,"type":"if","locations":[{"start":{"line":20,"column":6},"end":{"line":25,"column":7}},{"start":{"line":20,"column":6},"end":{"line":25,"column":7}}]}},"s":{"1":190,"2":1,"3":101,"4":101,"5":101,"6":101,"7":0,"8":101,"9":101,"10":0,"11":101},"b":{"1":[0,101],"2":[0,101],"3":[0,101],"4":[0,101]},"f":{"1":190,"2":101,"3":101},"l":{"5":1,"6":190,"12":101,"14":101,"15":101,"16":101,"17":0,"19":101,"20":101,"21":0,"24":101}},
"public/app/admin/admin.component.ts":{"path":"public/app/admin/admin.component.ts","statementMap":{"1":{"start":{"line":1,"column":0},"end":{"line":1,"column":49}},"2":{"start":{"line":5,"column":0},"end":{"line":5,"column":80}},"3":{"start":{"line":19,"column":0},"end":{"line":37,"column":0}},"4":{"start":{"line":27,"column":12},"end":{"line":27,"column":57}},"5":{"start":{"line":24,"column":10},"end":{"line":24,"column":36}},"6":{"start":{"line":33,"column":2},"end":{"line":35,"column":3}},"7":{"start":{"line":34,"column":4},"end":{"line":34,"column":59}},"8":{"start":{"line":19,"column":13},"end":{"line":37,"column":1}},"9":{"start":{"line":37,"column":0},"end":{"line":37,"column":1}},"10":{"start":{"line":19,"column":13},"end":{"line":19,"column":27}}},"fnMap":{"1":{"name":"(anonymous_2)","line":19,"loc":{"start":{"line":19,"column":0},"end":{"line":19,"column":-1}}},"2":{"name":"AdminComponent","line":27,"loc":{"start":{"line":27,"column":57},"end":{"line":28,"column":5}}},"3":{"name":"(anonymous_4)","line":33,"loc":{"start":{"line":33,"column":2},"end":{"line":35,"column":3}}}},"branchMap":{},"s":{"1":1,"2":1,"3":1,"4":6,"5":6,"6":1,"7":6,"8":1,"9":1,"10":1},"b":{},"f":{"1":1,"2":6,"3":6},"l":{"1":1,"5":1,"19":1,"24":6,"27":6,"33":1,"34":6,"37":1}},
"public/app/authentication/authentication.service.ts":{"path":"public/app/authentication/authentication.service.ts","statementMap":{"1":{"start":{"line":2,"column":0},"end":{"line":2,"column":42}},"2":{"start":{"line":3,"column":0},"end":{"line":3,"column":62}},"3":{"start":{"line":4,"column":0},"end":{"line":4,"column":52}},"4":{"start":{"line":13,"column":0},"end":{"line":145,"column":0}},"5":{"start":{"line":25,"column":24},"end":{"line":25,"column":40}},"6":{"start":{"line":14,"column":12},"end":{"line":14,"column":75}},"7":{"start":{"line":15,"column":4},"end":{"line":15,"column":41}},"8":{"start":{"line":17,"column":12},"end":{"line":17,"column":35}},"9":{"start":{"line":23,"column":11},"end":{"line":23,"column":37}},"10":{"start":{"line":34,"column":2},"end":{"line":36,"column":3}},"11":{"start":{"line":35,"column":4},"end":{"line":35,"column":26}},"12":{"start":{"line":45,"column":2},"end":{"line":47,"column":3}},"13":{"start":{"line":46,"column":4},"end":{"line":46,"column":33}},"14":{"start":{"line":55,"column":2},"end":{"line":57,"column":3}},"15":{"start":{"line":56,"column":4},"end":{"line":56,"column":30}},"16":{"start":{"line":65,"column":2},"end":{"line":72,"column":3}},"17":{"start":{"line":66,"column":4},"end":{"line":71,"column":5}},"18":{"start":{"line":67,"column":6},"end":{"line":67,"column":36}},"19":{"start":{"line":70,"column":6},"end":{"line":70,"column":19}},"20":{"start":{"line":82,"column":2},"end":{"line":87,"column":3}},"21":{"start":{"line":83,"column":17},"end":{"line":83,"column":44}},"22":{"start":{"line":84,"column":20},"end":{"line":84,"column":75}},"23":{"start":{"line":86,"column":6},"end":{"line":86,"column":88}},"24":{"start":{"line":98,"column":2},"end":{"line":103,"column":3}},"25":{"start":{"line":99,"column":17},"end":{"line":99,"column":37}},"26":{"start":{"line":100,"column":20},"end":{"line":100,"column":75}},"27":{"start":{"line":102,"column":6},"end":{"line":102,"column":88}},"28":{"start":{"line":110,"column":2},"end":{"line":112,"column":3}},"29":{"start":{"line":111,"column":4},"end":{"line":111,"column":52}},"30":{"start":{"line":128,"column":2},"end":{"line":130,"column":3}},"31":{"start":{"line":129,"column":4},"end":{"line":129,"column":67}},"32":{"start":{"line":142,"column":2},"end":{"line":144,"column":3}},"33":{"start":{"line":143,"column":4},"end":{"line":143,"column":73}},"34":{"start":{"line":13,"column":13},"end":{"line":145,"column":1}},"35":{"start":{"line":145,"column":0},"end":{"line":145,"column":1}},"36":{"start":{"line":13,"column":13},"end":{"line":13,"column":34}}},"fnMap":{"1":{"name":"(anonymous_2)","line":13,"loc":{"start":{"line":13,"column":0},"end":{"line":13,"column":-1}}},"2":{"name":"AuthenticationService","line":25,"loc":{"start":{"line":25,"column":40},"end":{"line":26,"column":5}}},"3":{"name":"(anonymous_4)","line":34,"loc":{"start":{"line":34,"column":20},"end":{"line":36,"column":3}}},"4":{"name":"(anonymous_5)","line":45,"loc":{"start":{"line":45,"column":2},"end":{"line":47,"column":3}}},"5":{"name":"(anonymous_6)","line":55,"loc":{"start":{"line":55,"column":2},"end":{"line":57,"column":3}}},"6":{"name":"(anonymous_7)","line":65,"loc":{"start":{"line":65,"column":2},"end":{"line":72,"column":3}}},"7":{"name":"(anonymous_8)","line":82,"loc":{"start":{"line":82,"column":25},"end":{"line":87,"column":3}}},"8":{"name":"(anonymous_9)","line":98,"loc":{"start":{"line":98,"column":18},"end":{"line":103,"column":3}}},"9":{"name":"(anonymous_10)","line":110,"loc":{"start":{"line":110,"column":2},"end":{"line":112,"column":3}}},"10":{"name":"(anonymous_11)","line":128,"loc":{"start":{"line":128,"column":26},"end":{"line":130,"column":3}}},"11":{"name":"(anonymous_12)","line":142,"loc":{"start":{"line":142,"column":32},"end":{"line":144,"column":3}}}},"branchMap":{"1":{"line":66,"type":"if","locations":[{"start":{"line":66,"column":4},"end":{"line":71,"column":5}},{"start":{"line":66,"column":4},"end":{"line":71,"column":5}}]}},"s":{"1":1,"2":1,"3":1,"4":1,"5":0,"6":0,"7":0,"8":0,"9":0,"10":1,"11":0,"12":1,"13":0,"14":1,"15":0,"16":1,"17":0,"18":0,"19":0,"20":1,"21":0,"22":0,"23":0,"24":1,"25":0,"26":0,"27":0,"28":1,"29":0,"30":1,"31":0,"32":1,"33":0,"34":1,"35":1,"36":1},"b":{"1":[0,0]},"f":{"1":1,"2":0,"3":0,"4":0,"5":0,"6":0,"7":0,"8":0,"9":0,"10":0,"11":0},"l":{"2":1,"3":1,"4":1,"13":1,"14":0,"15":0,"17":0,"23":0,"25":0,"34":1,"35":0,"45":1,"46":0,"55":1,"56":0,"65":1,"66":0,"67":0,"70":0,"82":1,"83":0,"84":0,"86":0,"98":1,"99":0,"100":0,"102":0,"110":1,"111":0,"128":1,"129":0,"142":1,"143":0,"145":1}},
"public/app/testing/service-stubs.ts":{"path":"public/app/testing/service-stubs.ts","statementMap":{"1":{"start":{"line":1,"column":0},"end":{"line":1,"column":60}},"2":{"start":{"line":2,"column":0},"end":{"line":2,"column":52}},"3":{"start":{"line":3,"column":0},"end":{"line":3,"column":53}},"4":{"start":{"line":4,"column":0},"end":{"line":4,"column":54}},"5":{"start":{"line":5,"column":0},"end":{"line":5,"column":56}}},"fnMap":{},"branchMap":{},"s":{"1":1,"2":1,"3":1,"4":1,"5":1},"b":{},"f":{},"l":{"1":1,"2":1,"3":1,"4":1,"5":1}},
"public/app/testing/service-stubs/fake.authentication.service.ts":{"path":"public/app/testing/service-stubs/fake.authentication.service.ts","statementMap":{"1":{"start":{"line":2,"column":0},"end":{"line":2,"column":33}},"2":{"start":{"line":4,"column":0},"end":{"line":4,"column":42}},"3":{"start":{"line":6,"column":0},"end":{"line":49,"column":0}},"4":{"start":{"line":7,"column":10},"end":{"line":7,"column":34}},"5":{"start":{"line":8,"column":2},"end":{"line":8,"column":39}},"6":{"start":{"line":10,"column":2},"end":{"line":12,"column":3}},"7":{"start":{"line":11,"column":4},"end":{"line":11,"column":22}},"8":{"start":{"line":14,"column":2},"end":{"line":16,"column":3}},"9":{"start":{"line":15,"column":4},"end":{"line":15,"column":22}},"10":{"start":{"line":18,"column":2},"end":{"line":20,"column":3}},"11":{"start":{"line":19,"column":4},"end":{"line":19,"column":16}},"12":{"start":{"line":22,"column":2},"end":{"line":28,"column":3}},"13":{"start":{"line":23,"column":4},"end":{"line":27,"column":5}},"14":{"start":{"line":24,"column":6},"end":{"line":24,"column":18}},"15":{"start":{"line":26,"column":6},"end":{"line":26,"column":19}},"16":{"start":{"line":29,"column":2},"end":{"line":32,"column":3}},"17":{"start":{"line":30,"column":4},"end":{"line":31,"column":37}},"18":{"start":{"line":31,"column":4},"end":{"line":31,"column":37}},"19":{"start":{"line":34,"column":3},"end":{"line":37,"column":3}},"20":{"start":{"line":35,"column":4},"end":{"line":36,"column":37}},"21":{"start":{"line":36,"column":4},"end":{"line":36,"column":37}},"22":{"start":{"line":39,"column":2},"end":{"line":41,"column":3}},"23":{"start":{"line":40,"column":4},"end":{"line":40,"column":31}},"24":{"start":{"line":43,"column":2},"end":{"line":45,"column":3}},"25":{"start":{"line":44,"column":4},"end":{"line":44,"column":31}},"26":{"start":{"line":46,"column":2},"end":{"line":48,"column":3}},"27":{"start":{"line":47,"column":4},"end":{"line":47,"column":31}},"28":{"start":{"line":49,"column":0},"end":{"line":49,"column":1}},"29":{"start":{"line":6,"column":13},"end":{"line":6,"column":28}}},"fnMap":{"1":{"name":"(anonymous_0)","line":6,"loc":{"start":{"line":6,"column":0},"end":{"line":6,"column":-1}}},"2":{"name":"AuthServiceStub","line":6,"loc":{"start":{"line":6,"column":0},"end":{"line":49,"column":1}}},"3":{"name":"(anonymous_2)","line":10,"loc":{"start":{"line":10,"column":20},"end":{"line":12,"column":3}}},"4":{"name":"(anonymous_3)","line":14,"loc":{"start":{"line":14,"column":2},"end":{"line":16,"column":3}}},"5":{"name":"(anonymous_4)","line":18,"loc":{"start":{"line":18,"column":2},"end":{"line":20,"column":3}}},"6":{"name":"(anonymous_5)","line":22,"loc":{"start":{"line":22,"column":2},"end":{"line":28,"column":3}}},"7":{"name":"(anonymous_6)","line":29,"loc":{"start":{"line":29,"column":25},"end":{"line":32,"column":3}}},"8":{"name":"(anonymous_7)","line":34,"loc":{"start":{"line":34,"column":19},"end":{"line":37,"column":3}}},"9":{"name":"(anonymous_8)","line":39,"loc":{"start":{"line":39,"column":2},"end":{"line":41,"column":3}}},"10":{"name":"(anonymous_9)","line":43,"loc":{"start":{"line":43,"column":26},"end":{"line":45,"column":3}}},"11":{"name":"(anonymous_10)","line":46,"loc":{"start":{"line":46,"column":32},"end":{"line":48,"column":3}}}},"branchMap":{"1":{"line":23,"type":"if","locations":[{"start":{"line":23,"column":4},"end":{"line":27,"column":5}},{"start":{"line":23,"column":4},"end":{"line":27,"column":5}}]},"2":{"line":30,"type":"if","locations":[{"start":{"line":30,"column":4},"end":{"line":31,"column":37}},{"start":{"line":30,"column":4},"end":{"line":31,"column":37}}]},"3":{"line":30,"type":"binary-expr","locations":[{"start":{"line":30,"column":7},"end":{"line":30,"column":24}},{"start":{"line":30,"column":28},"end":{"line":30,"column":48}}]},"4":{"line":35,"type":"if","locations":[{"start":{"line":35,"column":4},"end":{"line":36,"column":37}},{"start":{"line":35,"column":4},"end":{"line":36,"column":37}}]},"5":{"line":35,"type":"binary-expr","locations":[{"start":{"line":35,"column":7},"end":{"line":35,"column":20}},{"start":{"line":35,"column":24},"end":{"line":35,"column":37}}]}},"s":{"1":1,"2":1,"3":1,"4":143,"5":143,"6":1,"7":58,"8":1,"9":143,"10":1,"11":0,"12":1,"13":0,"14":0,"15":0,"16":1,"17":0,"18":0,"19":1,"20":0,"21":0,"22":1,"23":0,"24":1,"25":0,"26":1,"27":0,"28":1,"29":1},"b":{"1":[0,0],"2":[0,0],"3":[0,0],"4":[0,0],"5":[0,0]},"f":{"1":1,"2":143,"3":58,"4":143,"5":0,"6":0,"7":0,"8":0,"9":0,"10":0,"11":0},"l":{"2":1,"4":1,"6":1,"7":143,"8":143,"10":1,"11":58,"14":1,"15":143,"18":1,"19":0,"22":1,"23":0,"24":0,"26":0,"29":1,"30":0,"31":0,"34":1,"35":0,"36":0,"39":1,"40":0,"43":1,"44":0,"46":1,"47":0,"49":1}},
"public/app/testing/service-stubs/fake.course.service.ts":{"path":"public/app/testing/service-stubs/fake.course.service.ts","statementMap":{"1":{"start":{"line":2,"column":0},"end":{"line":2,"column":33}},"2":{"start":{"line":4,"column":0},"end":{"line":4,"column":92}},"3":{"start":{"line":6,"column":0},"end":{"line":101,"column":0}},"4":{"start":{"line":7,"column":10},"end":{"line":7,"column":44}},"5":{"start":{"line":8,"column":10},"end":{"line":8,"column":52}},"6":{"start":{"line":10,"column":10},"end":{"line":13,"column":3}},"7":{"start":{"line":11,"column":17},"end":{"line":11,"column":66}},"8":{"start":{"line":11,"column":40},"end":{"line":11,"column":65}},"9":{"start":{"line":12,"column":4},"end":{"line":12,"column":18}},"10":{"start":{"line":14,"column":10},"end":{"line":17,"column":3}},"11":{"start":{"line":15,"column":22},"end":{"line":15,"column":76}},"12":{"start":{"line":15,"column":50},"end":{"line":15,"column":75}},"13":{"start":{"line":16,"column":4},"end":{"line":16,"column":23}},"14":{"start":{"line":19,"column":2},"end":{"line":21,"column":3}},"15":{"start":{"line":20,"column":4},"end":{"line":20,"column":38}},"16":{"start":{"line":23,"column":2},"end":{"line":32,"column":3}},"17":{"start":{"line":24,"column":4},"end":{"line":31,"column":5}},"18":{"start":{"line":26,"column":6},"end":{"line":26,"column":71}},"19":{"start":{"line":28,"column":32},"end":{"line":28,"column":36}},"20":{"start":{"line":29,"column":6},"end":{"line":29,"column":29}},"21":{"start":{"line":30,"column":6},"end":{"line":30,"column":32}},"22":{"start":{"line":34,"column":2},"end":{"line":41,"column":3}},"23":{"start":{"line":35,"column":17},"end":{"line":35,"column":44}},"24":{"start":{"line":36,"column":4},"end":{"line":40,"column":5}},"25":{"start":{"line":37,"column":6},"end":{"line":37,"column":35}},"26":{"start":{"line":39,"column":6},"end":{"line":39,"column":77}},"27":{"start":{"line":43,"column":2},"end":{"line":48,"column":3}},"28":{"start":{"line":44,"column":30},"end":{"line":46,"column":6}},"29":{"start":{"line":45,"column":6},"end":{"line":45,"column":71}},"30":{"start":{"line":47,"column":4},"end":{"line":47,"column":35}},"31":{"start":{"line":50,"column":2},"end":{"line":52,"column":3}},"32":{"start":{"line":51,"column":4},"end":{"line":51,"column":43}},"33":{"start":{"line":54,"column":2},"end":{"line":63,"column":3}},"34":{"start":{"line":55,"column":17},"end":{"line":55,"column":44}},"35":{"start":{"line":56,"column":16},"end":{"line":56,"column":59}},"36":{"start":{"line":57,"column":28},"end":{"line":61,"column":5}},"37":{"start":{"line":62,"column":4},"end":{"line":62,"column":36}},"38":{"start":{"line":65,"column":2},"end":{"line":72,"column":3}},"39":{"start":{"line":66,"column":17},"end":{"line":66,"column":49}},"40":{"start":{"line":67,"column":4},"end":{"line":69,"column":5}},"41":{"start":{"line":68,"column":6},"end":{"line":68,"column":55}},"42":{"start":{"line":70,"column":4},"end":{"line":70,"column":56}},"43":{"start":{"line":71,"column":4},"end":{"line":71,"column":47}},"44":{"start":{"line":74,"column":2},"end":{"line":76,"column":3}},"45":{"start":{"line":75,"column":4},"end":{"line":75,"column":31}},"46":{"start":{"line":78,"column":2},"end":{"line":80,"column":3}},"47":{"start":{"line":79,"column":4},"end":{"line":79,"column":31}},"48":{"start":{"line":82,"column":2},"end":{"line":95,"column":3}},"49":{"start":{"line":83,"column":17},"end":{"line":83,"column":49}},"50":{"start":{"line":84,"column":4},"end":{"line":86,"column":5}},"51":{"start":{"line":85,"column":6},"end":{"line":85,"column":77}},"52":{"start":{"line":87,"column":30},"end":{"line":89,"column":6}},"53":{"start":{"line":88,"column":6},"end":{"line":88,"column":71}},"54":{"start":{"line":90,"column":12},"end":{"line":93,"column":6}},"55":{"start":{"line":91,"column":6},"end":{"line":92,"column":75}},"56":{"start":{"line":94,"column":4},"end":{"line":94,"column":28}},"57":{"start":{"line":97,"column":2},"end":{"line":100,"column":3}},"58":{"start":{"line":98,"column":14},"end":{"line":98,"column":59}},"59":{"start":{"line":98,"column":38},"end":{"line":98,"column":57}},"60":{"start":{"line":99,"column":4},"end":{"line":99,"column":30}},"61":{"start":{"line":101,"column":0},"end":{"line":101,"column":1}},"62":{"start":{"line":6,"column":13},"end":{"line":6,"column":30}}},"fnMap":{"1":{"name":"(anonymous_0)","line":6,"loc":{"start":{"line":6,"column":0},"end":{"line":6,"column":-1}}},"2":{"name":"CourseServiceStub","line":6,"loc":{"start":{"line":6,"column":0},"end":{"line":101,"column":1}}},"3":{"name":"(anonymous_2)","line":10,"loc":{"start":{"line":10,"column":39},"end":{"line":13,"column":3}}},"4":{"name":"(anonymous_3)","line":11,"loc":{"start":{"line":11,"column":36},"end":{"line":11,"column":65}}},"5":{"name":"(anonymous_4)","line":14,"loc":{"start":{"line":14,"column":44},"end":{"line":17,"column":3}}},"6":{"name":"(anonymous_5)","line":15,"loc":{"start":{"line":15,"column":46},"end":{"line":15,"column":75}}},"7":{"name":"(anonymous_6)","line":19,"loc":{"start":{"line":19,"column":29},"end":{"line":21,"column":3}}},"8":{"name":"(anonymous_7)","line":23,"loc":{"start":{"line":23,"column":39},"end":{"line":32,"column":3}}},"9":{"name":"(anonymous_8)","line":34,"loc":{"start":{"line":34,"column":44},"end":{"line":41,"column":3}}},"10":{"name":"(anonymous_9)","line":43,"loc":{"start":{"line":43,"column":48},"end":{"line":48,"column":3}}},"11":{"name":"(anonymous_10)","line":44,"loc":{"start":{"line":44,"column":60},"end":{"line":46,"column":5}}},"12":{"name":"(anonymous_11)","line":50,"loc":{"start":{"line":50,"column":59},"end":{"line":52,"column":3}}},"13":{"name":"(anonymous_12)","line":54,"loc":{"start":{"line":54,"column":70},"end":{"line":63,"column":3}}},"14":{"name":"(anonymous_13)","line":65,"loc":{"start":{"line":65,"column":58},"end":{"line":72,"column":3}}},"15":{"name":"(anonymous_14)","line":74,"loc":{"start":{"line":74,"column":49},"end":{"line":76,"column":3}}},"16":{"name":"(anonymous_15)","line":78,"loc":{"start":{"line":78,"column":51},"end":{"line":80,"column":3}}},"17":{"name":"(anonymous_16)","line":82,"loc":{"start":{"line":82,"column":70},"end":{"line":95,"column":3}}},"18":{"name":"(anonymous_17)","line":87,"loc":{"start":{"line":87,"column":60},"end":{"line":89,"column":5}}},"19":{"name":"(anonymous_18)","line":90,"loc":{"start":{"line":90,"column":33},"end":{"line":93,"column":5}}},"20":{"name":"(anonymous_19)","line":97,"loc":{"start":{"line":97,"column":2},"end":{"line":100,"column":3}}},"21":{"name":"(anonymous_20)","line":98,"loc":{"start":{"line":98,"column":34},"end":{"line":98,"column":58}}}},"branchMap":{"1":{"line":24,"type":"if","locations":[{"start":{"line":24,"column":4},"end":{"line":31,"column":5}},{"start":{"line":24,"column":4},"end":{"line":31,"column":5}}]},"2":{"line":36,"type":"if","locations":[{"start":{"line":36,"column":4},"end":{"line":40,"column":5}},{"start":{"line":36,"column":4},"end":{"line":40,"column":5}}]},"3":{"line":45,"type":"binary-expr","locations":[{"start":{"line":45,"column":14},"end":{"line":45,"column":28}},{"start":{"line":45,"column":32},"end":{"line":45,"column":70}}]},"4":{"line":67,"type":"if","locations":[{"start":{"line":67,"column":4},"end":{"line":69,"column":5}},{"start":{"line":67,"column":4},"end":{"line":69,"column":5}}]},"5":{"line":84,"type":"if","locations":[{"start":{"line":84,"column":4},"end":{"line":86,"column":5}},{"start":{"line":84,"column":4},"end":{"line":86,"column":5}}]},"6":{"line":88,"type":"binary-expr","locations":[{"start":{"line":88,"column":14},"end":{"line":88,"column":28}},{"start":{"line":88,"column":32},"end":{"line":88,"column":70}}]}},"s":{"1":1,"2":1,"3":1,"4":42,"5":42,"6":1,"7":23,"8":24,"9":23,"10":1,"11":13,"12":14,"13":13,"14":1,"15":5,"16":1,"17":0,"18":0,"19":0,"20":0,"21":0,"22":1,"23":20,"24":20,"25":19,"26":1,"27":1,"28":5,"29":15,"30":5,"31":1,"32":14,"33":1,"34":3,"35":3,"36":3,"37":3,"38":1,"39":2,"40":2,"41":0,"42":2,"43":2,"44":1,"45":2,"46":1,"47":2,"48":1,"49":11,"50":11,"51":1,"52":10,"53":30,"54":10,"55":10,"56":10,"57":1,"58":0,"59":0,"60":0,"61":1,"62":1},"b":{"1":[0,0],"2":[19,1],"3":[15,10],"4":[0,2],"5":[1,10],"6":[30,20]},"f":{"1":1,"2":42,"3":23,"4":24,"5":13,"6":14,"7":5,"8":0,"9":20,"10":5,"11":15,"12":14,"13":3,"14":2,"15":2,"16":2,"17":11,"18":30,"19":10,"20":0,"21":0},"l":{"2":1,"4":1,"6":1,"7":42,"8":42,"10":1,"11":24,"12":23,"14":1,"15":14,"16":13,"19":1,"20":5,"23":1,"24":0,"26":0,"28":0,"29":0,"30":0,"34":1,"35":20,"36":20,"37":19,"39":1,"43":1,"44":5,"45":15,"47":5,"50":1,"51":14,"54":1,"55":3,"56":3,"57":3,"62":3,"65":1,"66":2,"67":2,"68":0,"70":2,"71":2,"74":1,"75":2,"78":1,"79":2,"82":1,"83":11,"84":11,"85":1,"87":10,"88":30,"90":10,"91":10,"94":10,"97":1,"98":0,"99":0,"101":1}},
"public/app/testing/service-stubs/fake.student.service.ts":{"path":"public/app/testing/service-stubs/fake.student.service.ts","statementMap":{"1":{"start":{"line":2,"column":0},"end":{"line":2,"column":33}},"2":{"start":{"line":4,"column":0},"end":{"line":4,"column":83}},"3":{"start":{"line":5,"column":0},"end":{"line":5,"column":27}},"4":{"start":{"line":9,"column":0},"end":{"line":82,"column":0}},"5":{"start":{"line":10,"column":10},"end":{"line":10,"column":49}},"6":{"start":{"line":11,"column":2},"end":{"line":14,"column":3}},"7":{"start":{"line":12,"column":18},"end":{"line":12,"column":58}},"8":{"start":{"line":12,"column":42},"end":{"line":12,"column":57}},"9":{"start":{"line":13,"column":4},"end":{"line":13,"column":19}},"10":{"start":{"line":16,"column":2},"end":{"line":18,"column":3}},"11":{"start":{"line":17,"column":4},"end":{"line":17,"column":40}},"12":{"start":{"line":20,"column":2},"end":{"line":28,"column":3}},"13":{"start":{"line":21,"column":18},"end":{"line":21,"column":46}},"14":{"start":{"line":23,"column":4},"end":{"line":27,"column":5}},"15":{"start":{"line":24,"column":6},"end":{"line":24,"column":36}},"16":{"start":{"line":26,"column":6},"end":{"line":26,"column":58}},"17":{"start":{"line":30,"column":2},"end":{"line":42,"column":3}},"18":{"start":{"line":31,"column":4},"end":{"line":33,"column":5}},"19":{"start":{"line":32,"column":6},"end":{"line":32,"column":80}},"20":{"start":{"line":34,"column":18},"end":{"line":34,"column":46}},"21":{"start":{"line":35,"column":4},"end":{"line":41,"column":5}},"22":{"start":{"line":36,"column":23},"end":{"line":36,"column":43}},"23":{"start":{"line":37,"column":6},"end":{"line":37,"column":29}},"24":{"start":{"line":38,"column":6},"end":{"line":38,"column":39}},"25":{"start":{"line":40,"column":6},"end":{"line":40,"column":58}},"26":{"start":{"line":44,"column":2},"end":{"line":46,"column":3}},"27":{"start":{"line":45,"column":4},"end":{"line":45,"column":47}},"28":{"start":{"line":48,"column":2},"end":{"line":70,"column":3}},"29":{"start":{"line":49,"column":18},"end":{"line":49,"column":46}},"30":{"start":{"line":50,"column":19},"end":{"line":50,"column":67}},"31":{"start":{"line":50,"column":45},"end":{"line":50,"column":66}},"32":{"start":{"line":51,"column":4},"end":{"line":53,"column":5}},"33":{"start":{"line":52,"column":6},"end":{"line":52,"column":58}},"34":{"start":{"line":54,"column":36},"end":{"line":57,"column":5}},"35":{"start":{"line":58,"column":25},"end":{"line":58,"column":96}},"36":{"start":{"line":58,"column":59},"end":{"line":58,"column":94}},"37":{"start":{"line":59,"column":4},"end":{"line":61,"column":5}},"38":{"start":{"line":60,"column":6},"end":{"line":60,"column":39}},"39":{"start":{"line":62,"column":17},"end":{"line":64,"column":6}},"40":{"start":{"line":63,"column":6},"end":{"line":63,"column":43}},"41":{"start":{"line":65,"column":4},"end":{"line":69,"column":5}},"42":{"start":{"line":66,"column":6},"end":{"line":66,"column":34}},"43":{"start":{"line":68,"column":6},"end":{"line":68,"column":39}},"44":{"start":{"line":72,"column":2},"end":{"line":81,"column":3}},"45":{"start":{"line":73,"column":18},"end":{"line":73,"column":46}},"46":{"start":{"line":74,"column":4},"end":{"line":80,"column":5}},"47":{"start":{"line":75,"column":23},"end":{"line":75,"column":43}},"48":{"start":{"line":76,"column":6},"end":{"line":76,"column":54}},"49":{"start":{"line":77,"column":6},"end":{"line":77,"column":39}},"50":{"start":{"line":79,"column":6},"end":{"line":79,"column":58}},"51":{"start":{"line":82,"column":0},"end":{"line":82,"column":1}},"52":{"start":{"line":9,"column":13},"end":{"line":9,"column":31}}},"fnMap":{"1":{"name":"(anonymous_0)","line":9,"loc":{"start":{"line":9,"column":0},"end":{"line":9,"column":-1}}},"2":{"name":"StudentServiceStub","line":9,"loc":{"start":{"line":9,"column":0},"end":{"line":82,"column":1}}},"3":{"name":"(anonymous_2)","line":11,"loc":{"start":{"line":11,"column":25},"end":{"line":14,"column":3}}},"4":{"name":"(anonymous_3)","line":12,"loc":{"start":{"line":12,"column":38},"end":{"line":12,"column":57}}},"5":{"name":"(anonymous_4)","line":16,"loc":{"start":{"line":16,"column":30},"end":{"line":18,"column":3}}},"6":{"name":"(anonymous_5)","line":20,"loc":{"start":{"line":20,"column":47},"end":{"line":28,"column":3}}},"7":{"name":"(anonymous_6)","line":30,"loc":{"start":{"line":30,"column":65},"end":{"line":42,"column":3}}},"8":{"name":"(anonymous_7)","line":44,"loc":{"start":{"line":44,"column":50},"end":{"line":46,"column":3}}},"9":{"name":"(anonymous_8)","line":48,"loc":{"start":{"line":48,"column":62},"end":{"line":70,"column":3}}},"10":{"name":"(anonymous_9)","line":50,"loc":{"start":{"line":50,"column":41},"end":{"line":50,"column":66}}},"11":{"name":"(anonymous_10)","line":58,"loc":{"start":{"line":58,"column":55},"end":{"line":58,"column":95}}},"12":{"name":"(anonymous_11)","line":62,"loc":{"start":{"line":62,"column":39},"end":{"line":64,"column":5}}},"13":{"name":"(anonymous_12)","line":72,"loc":{"start":{"line":72,"column":91},"end":{"line":81,"column":3}}}},"branchMap":{"1":{"line":23,"type":"if","locations":[{"start":{"line":23,"column":4},"end":{"line":27,"column":5}},{"start":{"line":23,"column":4},"end":{"line":27,"column":5}}]},"2":{"line":31,"type":"if","locations":[{"start":{"line":31,"column":4},"end":{"line":33,"column":5}},{"start":{"line":31,"column":4},"end":{"line":33,"column":5}}]},"3":{"line":31,"type":"binary-expr","locations":[{"start":{"line":31,"column":7},"end":{"line":31,"column":23}},{"start":{"line":31,"column":27},"end":{"line":31,"column":43}},{"start":{"line":31,"column":47},"end":{"line":31,"column":65}}]},"4":{"line":35,"type":"if","locations":[{"start":{"line":35,"column":4},"end":{"line":41,"column":5}},{"start":{"line":35,"column":4},"end":{"line":41,"column":5}}]},"5":{"line":51,"type":"if","locations":[{"start":{"line":51,"column":4},"end":{"line":53,"column":5}},{"start":{"line":51,"column":4},"end":{"line":53,"column":5}}]},"6":{"line":51,"type":"binary-expr","locations":[{"start":{"line":51,"column":7},"end":{"line":51,"column":21}},{"start":{"line":51,"column":25},"end":{"line":51,"column":46}}]},"7":{"line":59,"type":"if","locations":[{"start":{"line":59,"column":4},"end":{"line":61,"column":5}},{"start":{"line":59,"column":4},"end":{"line":61,"column":5}}]},"8":{"line":65,"type":"if","locations":[{"start":{"line":65,"column":4},"end":{"line":69,"column":5}},{"start":{"line":65,"column":4},"end":{"line":69,"column":5}}]},"9":{"line":74,"type":"if","locations":[{"start":{"line":74,"column":4},"end":{"line":80,"column":5}},{"start":{"line":74,"column":4},"end":{"line":80,"column":5}}]}},"s":{"1":1,"2":1,"3":1,"4":1,"5":68,"6":1,"7":57,"8":151,"9":57,"10":1,"11":3,"12":1,"13":37,"14":37,"15":36,"16":1,"17":1,"18":2,"19":0,"20":2,"21":2,"22":2,"23":2,"24":2,"25":0,"26":1,"27":1,"28":1,"29":14,"30":14,"31":21,"32":14,"33":0,"34":14,"35":14,"36":42,"37":14,"38":0,"39":14,"40":14,"41":14,"42":7,"43":7,"44":1,"45":4,"46":4,"47":4,"48":4,"49":4,"50":0,"51":1,"52":1},"b":{"1":[36,1],"2":[0,2],"3":[2,2,0],"4":[2,0],"5":[0,14],"6":[14,14],"7":[0,14],"8":[7,7],"9":[4,0]},"f":{"1":1,"2":68,"3":57,"4":151,"5":3,"6":37,"7":2,"8":1,"9":14,"10":21,"11":42,"12":14,"13":4},"l":{"2":1,"4":1,"5":1,"9":1,"10":68,"11":1,"12":151,"13":57,"16":1,"17":3,"20":1,"21":37,"23":37,"24":36,"26":1,"30":1,"31":2,"32":0,"34":2,"35":2,"36":2,"37":2,"38":2,"40":0,"44":1,"45":1,"48":1,"49":14,"50":21,"51":14,"52":0,"54":14,"58":42,"59":14,"60":0,"62":14,"63":14,"65":14,"66":7,"68":7,"72":1,"73":4,"74":4,"75":4,"76":4,"77":4,"79":0,"82":1}},
"public/app/testing/service-stubs/fake.scenario.service.ts":{"path":"public/app/testing/service-stubs/fake.scenario.service.ts","statementMap":{"1":{"start":{"line":2,"column":0},"end":{"line":2,"column":33}},"2":{"start":{"line":4,"column":0},"end":{"line":4,"column":101}},"3":{"start":{"line":5,"column":0},"end":{"line":5,"column":27}},"4":{"start":{"line":7,"column":0},"end":{"line":110,"column":0}},"5":{"start":{"line":9,"column":10},"end":{"line":9,"column":50}},"6":{"start":{"line":10,"column":10},"end":{"line":10,"column":44}},"7":{"start":{"line":11,"column":10},"end":{"line":11,"column":42}},"8":{"start":{"line":30,"column":2},"end":{"line":30,"column":48}},"9":{"start":{"line":31,"column":2},"end":{"line":31,"column":43}},"10":{"start":{"line":32,"column":2},"end":{"line":32,"column":63}},"11":{"start":{"line":13,"column":10},"end":{"line":16,"column":3}},"12":{"start":{"line":14,"column":19},"end":{"line":14,"column":66}},"13":{"start":{"line":14,"column":44},"end":{"line":14,"column":65}},"14":{"start":{"line":15,"column":4},"end":{"line":15,"column":20}},"15":{"start":{"line":18,"column":10},"end":{"line":23,"column":3}},"16":{"start":{"line":19,"column":17},"end":{"line":21,"column":6}},"17":{"start":{"line":20,"column":6},"end":{"line":20,"column":59}},"18":{"start":{"line":22,"column":4},"end":{"line":22,"column":18}},"19":{"start":{"line":25,"column":10},"end":{"line":28,"column":3}},"20":{"start":{"line":26,"column":12},"end":{"line":26,"column":60}},"21":{"start":{"line":26,"column":35},"end":{"line":26,"column":58}},"22":{"start":{"line":27,"column":4},"end":{"line":27,"column":13}},"23":{"start":{"line":34,"column":3},"end":{"line":38,"column":5}},"24":{"start":{"line":40,"column":2},"end":{"line":42,"column":5}},"25":{"start":{"line":41,"column":4},"end":{"line":41,"column":47}},"26":{"start":{"line":44,"column":2},"end":{"line":46,"column":3}},"27":{"start":{"line":45,"column":4},"end":{"line":45,"column":41}},"28":{"start":{"line":48,"column":2},"end":{"line":55,"column":3}},"29":{"start":{"line":49,"column":13},"end":{"line":49,"column":39}},"30":{"start":{"line":50,"column":4},"end":{"line":54,"column":5}},"31":{"start":{"line":51,"column":6},"end":{"line":51,"column":31}},"32":{"start":{"line":53,"column":6},"end":{"line":53,"column":77}},"33":{"start":{"line":57,"column":2},"end":{"line":59,"column":3}},"34":{"start":{"line":58,"column":4},"end":{"line":58,"column":63}},"35":{"start":{"line":61,"column":2},"end":{"line":72,"column":3}},"36":{"start":{"line":70,"column":12},"end":{"line":70,"column":39}},"37":{"start":{"line":71,"column":4},"end":{"line":71,"column":28}},"38":{"start":{"line":74,"column":2},"end":{"line":81,"column":3}},"39":{"start":{"line":75,"column":17},"end":{"line":75,"column":49}},"40":{"start":{"line":76,"column":4},"end":{"line":80,"column":5}},"41":{"start":{"line":77,"column":6},"end":{"line":77,"column":35}},"42":{"start":{"line":79,"column":6},"end":{"line":79,"column":85}},"43":{"start":{"line":83,"column":2},"end":{"line":92,"column":3}},"44":{"start":{"line":85,"column":32},"end":{"line":90,"column":5}},"45":{"start":{"line":91,"column":4},"end":{"line":91,"column":34}},"46":{"start":{"line":94,"column":2},"end":{"line":104,"column":3}},"47":{"start":{"line":95,"column":12},"end":{"line":95,"column":38}},"48":{"start":{"line":96,"column":4},"end":{"line":103,"column":5}},"49":{"start":{"line":97,"column":14},"end":{"line":97,"column":28}},"50":{"start":{"line":98,"column":6},"end":{"line":98,"column":33}},"51":{"start":{"line":99,"column":6},"end":{"line":99,"column":37}},"52":{"start":{"line":100,"column":6},"end":{"line":100,"column":29}},"53":{"start":{"line":102,"column":6},"end":{"line":102,"column":60}},"54":{"start":{"line":106,"column":3},"end":{"line":108,"column":4}},"55":{"start":{"line":107,"column":5},"end":{"line":107,"column":31}},"56":{"start":{"line":110,"column":0},"end":{"line":110,"column":1}},"57":{"start":{"line":7,"column":13},"end":{"line":7,"column":32}}},"fnMap":{"1":{"name":"(anonymous_0)","line":7,"loc":{"start":{"line":7,"column":0},"end":{"line":7,"column":-1}}},"2":{"name":"ScenarioServiceStub","line":7,"loc":{"start":{"line":7,"column":0},"end":{"line":110,"column":1}}},"3":{"name":"(anonymous_2)","line":13,"loc":{"start":{"line":13,"column":38},"end":{"line":16,"column":3}}},"4":{"name":"(anonymous_3)","line":14,"loc":{"start":{"line":14,"column":40},"end":{"line":14,"column":65}}},"5":{"name":"(anonymous_4)","line":18,"loc":{"start":{"line":18,"column":52},"end":{"line":23,"column":3}}},"6":{"name":"(anonymous_5)","line":19,"loc":{"start":{"line":19,"column":37},"end":{"line":21,"column":5}}},"7":{"name":"(anonymous_6)","line":25,"loc":{"start":{"line":25,"column":36},"end":{"line":28,"column":3}}},"8":{"name":"(anonymous_7)","line":26,"loc":{"start":{"line":26,"column":31},"end":{"line":26,"column":59}}},"9":{"name":"(anonymous_8)","line":34,"loc":{"start":{"line":34,"column":3},"end":{"line":38,"column":5}}},"10":{"name":"(anonymous_9)","line":40,"loc":{"start":{"line":40,"column":62},"end":{"line":42,"column":5}}},"11":{"name":"(anonymous_10)","line":44,"loc":{"start":{"line":44,"column":2},"end":{"line":46,"column":3}}},"12":{"name":"(anonymous_11)","line":48,"loc":{"start":{"line":48,"column":28},"end":{"line":55,"column":3}}},"13":{"name":"(anonymous_12)","line":57,"loc":{"start":{"line":57,"column":60},"end":{"line":59,"column":3}}},"14":{"name":"(anonymous_13)","line":61,"loc":{"start":{"line":61,"column":45},"end":{"line":72,"column":3}}},"15":{"name":"(anonymous_14)","line":74,"loc":{"start":{"line":74,"column":42},"end":{"line":81,"column":3}}},"16":{"name":"(anonymous_15)","line":83,"loc":{"start":{"line":83,"column":55},"end":{"line":92,"column":3}}},"17":{"name":"(anonymous_16)","line":94,"loc":{"start":{"line":94,"column":68},"end":{"line":104,"column":3}}},"18":{"name":"(anonymous_17)","line":106,"loc":{"start":{"line":106,"column":69},"end":{"line":108,"column":4}}}},"branchMap":{"1":{"line":20,"type":"binary-expr","locations":[{"start":{"line":20,"column":14},"end":{"line":20,"column":33}},{"start":{"line":20,"column":37},"end":{"line":20,"column":58}}]},"2":{"line":50,"type":"if","locations":[{"start":{"line":50,"column":4},"end":{"line":54,"column":5}},{"start":{"line":50,"column":4},"end":{"line":54,"column":5}}]},"3":{"line":76,"type":"if","locations":[{"start":{"line":76,"column":4},"end":{"line":80,"column":5}},{"start":{"line":76,"column":4},"end":{"line":80,"column":5}}]},"4":{"line":96,"type":"if","locations":[{"start":{"line":96,"column":4},"end":{"line":103,"column":5}},{"start":{"line":96,"column":4},"end":{"line":103,"column":5}}]}},"s":{"1":1,"2":1,"3":1,"4":1,"5":188,"6":188,"7":188,"8":188,"9":188,"10":188,"11":1,"12":21,"13":33,"14":21,"15":1,"16":31,"17":52,"18":31,"19":1,"20":1,"21":4,"22":1,"23":1,"24":1,"25":38,"26":1,"27":43,"28":1,"29":21,"30":21,"31":19,"32":2,"33":1,"34":1,"35":1,"36":2,"37":2,"38":1,"39":31,"40":31,"41":29,"42":2,"43":1,"44":2,"45":2,"46":1,"47":1,"48":1,"49":1,"50":1,"51":1,"52":1,"53":0,"54":1,"55":1,"56":1,"57":1},"b":{"1":[52,37],"2":[19,2],"3":[29,2],"4":[1,0]},"f":{"1":1,"2":188,"3":21,"4":33,"5":31,"6":52,"7":1,"8":4,"9":0,"10":38,"11":43,"12":21,"13":1,"14":2,"15":31,"16":2,"17":1,"18":1},"l":{"2":1,"4":1,"5":1,"7":1,"9":188,"10":188,"11":188,"13":1,"14":33,"15":21,"18":1,"19":31,"20":52,"22":31,"25":1,"26":4,"27":1,"30":188,"31":188,"32":188,"34":1,"40":1,"41":38,"44":1,"45":43,"48":1,"49":21,"50":21,"51":19,"53":2,"57":1,"58":1,"61":1,"70":2,"71":2,"74":1,"75":31,"76":31,"77":29,"79":2,"83":1,"85":2,"91":2,"94":1,"95":1,"96":1,"97":1,"98":1,"99":1,"100":1,"102":0,"106":1,"107":1,"110":1}},
"public/app/testing/service-stubs/fake.experiment.service.ts":{"path":"public/app/testing/service-stubs/fake.experiment.service.ts","statementMap":{"1":{"start":{"line":2,"column":0},"end":{"line":2,"column":33}},"2":{"start":{"line":4,"column":0},"end":{"line":4,"column":83}},"3":{"start":{"line":5,"column":0},"end":{"line":5,"column":27}},"4":{"start":{"line":8,"column":0},"end":{"line":41,"column":0}},"5":{"start":{"line":10,"column":2},"end":{"line":30,"column":3}},"6":{"start":{"line":12,"column":4},"end":{"line":28,"column":5}},"7":{"start":{"line":14,"column":22},"end":{"line":14,"column":55}},"8":{"start":{"line":15,"column":19},"end":{"line":15,"column":84}},"9":{"start":{"line":15,"column":40},"end":{"line":15,"column":82}},"10":{"start":{"line":16,"column":6},"end":{"line":19,"column":64}},"11":{"start":{"line":17,"column":8},"end":{"line":17,"column":25}},"12":{"start":{"line":19,"column":8},"end":{"line":19,"column":64}},"13":{"start":{"line":22,"column":22},"end":{"line":22,"column":55}},"14":{"start":{"line":23,"column":19},"end":{"line":23,"column":123}},"15":{"start":{"line":23,"column":40},"end":{"line":23,"column":121}},"16":{"start":{"line":24,"column":6},"end":{"line":27,"column":64}},"17":{"start":{"line":25,"column":8},"end":{"line":25,"column":25}},"18":{"start":{"line":27,"column":8},"end":{"line":27,"column":64}},"19":{"start":{"line":29,"column":4},"end":{"line":29,"column":47}},"20":{"start":{"line":32,"column":2},"end":{"line":39,"column":3}},"21":{"start":{"line":33,"column":18},"end":{"line":33,"column":45}},"22":{"start":{"line":34,"column":4},"end":{"line":38,"column":5}},"23":{"start":{"line":35,"column":6},"end":{"line":35,"column":36}},"24":{"start":{"line":37,"column":6},"end":{"line":37,"column":62}},"25":{"start":{"line":41,"column":0},"end":{"line":41,"column":1}},"26":{"start":{"line":8,"column":13},"end":{"line":8,"column":34}}},"fnMap":{"1":{"name":"(anonymous_0)","line":8,"loc":{"start":{"line":8,"column":0},"end":{"line":8,"column":-1}}},"2":{"name":"ExperimentServiceStub","line":8,"loc":{"start":{"line":8,"column":0},"end":{"line":41,"column":1}}},"3":{"name":"(anonymous_2)","line":10,"loc":{"start":{"line":10,"column":31},"end":{"line":30,"column":3}}},"4":{"name":"(anonymous_3)","line":15,"loc":{"start":{"line":15,"column":35},"end":{"line":15,"column":83}}},"5":{"name":"(anonymous_4)","line":23,"loc":{"start":{"line":23,"column":35},"end":{"line":23,"column":122}}},"6":{"name":"(anonymous_5)","line":32,"loc":{"start":{"line":32,"column":33},"end":{"line":39,"column":3}}}},"branchMap":{"1":{"line":12,"type":"if","locations":[{"start":{"line":12,"column":4},"end":{"line":28,"column":5}},{"start":{"line":12,"column":4},"end":{"line":28,"column":5}}]},"2":{"line":16,"type":"if","locations":[{"start":{"line":16,"column":6},"end":{"line":19,"column":64}},{"start":{"line":16,"column":6},"end":{"line":19,"column":64}}]},"3":{"line":23,"type":"binary-expr","locations":[{"start":{"line":23,"column":47},"end":{"line":23,"column":82}},{"start":{"line":23,"column":86},"end":{"line":23,"column":121}}]},"4":{"line":24,"type":"if","locations":[{"start":{"line":24,"column":6},"end":{"line":27,"column":64}},{"start":{"line":24,"column":6},"end":{"line":27,"column":64}}]},"5":{"line":34,"type":"if","locations":[{"start":{"line":34,"column":4},"end":{"line":38,"column":5}},{"start":{"line":34,"column":4},"end":{"line":38,"column":5}}]}},"s":{"1":1,"2":1,"3":1,"4":1,"5":1,"6":40,"7":12,"8":12,"9":16,"10":12,"11":12,"12":0,"13":28,"14":28,"15":48,"16":28,"17":28,"18":0,"19":40,"20":1,"21":8,"22":8,"23":8,"24":0,"25":1,"26":1},"b":{"1":[12,28],"2":[12,0],"3":[48,36],"4":[28,0],"5":[8,0]},"f":{"1":1,"2":86,"3":40,"4":16,"5":48,"6":8},"l":{"2":1,"4":1,"5":1,"8":1,"10":1,"12":40,"14":12,"15":16,"16":12,"17":12,"19":0,"22":28,"23":48,"24":28,"25":28,"27":0,"29":40,"32":1,"33":8,"34":8,"35":8,"37":0,"41":1}},
"public/app/shared/shared.module.ts":{"path":"public/app/shared/shared.module.ts","statementMap":{"1":{"start":{"line":1,"column":0},"end":{"line":1,"column":40}},"2":{"start":{"line":2,"column":0},"end":{"line":2,"column":46}},"3":{"start":{"line":3,"column":0},"end":{"line":3,"column":44}},"4":{"start":{"line":4,"column":0},"end":{"line":4,"column":35}},"5":{"start":{"line":5,"column":0},"end":{"line":5,"column":54}},"6":{"start":{"line":6,"column":0},"end":{"line":6,"column":53}},"7":{"start":{"line":7,"column":0},"end":{"line":7,"column":50}},"8":{"start":{"line":8,"column":0},"end":{"line":8,"column":65}},"9":{"start":{"line":10,"column":0},"end":{"line":10,"column":80}},"10":{"start":{"line":12,"column":0},"end":{"line":12,"column":58}},"11":{"start":{"line":13,"column":0},"end":{"line":13,"column":69}},"12":{"start":{"line":14,"column":0},"end":{"line":14,"column":62}},"13":{"start":{"line":51,"column":0},"end":{"line":52,"column":0}},"14":{"start":{"line":51,"column":13},"end":{"line":52,"column":1}},"15":{"start":{"line":52,"column":0},"end":{"line":52,"column":1}},"16":{"start":{"line":51,"column":13},"end":{"line":51,"column":25}}},"fnMap":{"1":{"name":"(anonymous_1)","line":51,"loc":{"start":{"line":51,"column":0},"end":{"line":51,"column":-1}}},"2":{"name":"SharedModule","line":51,"loc":{"start":{"line":51,"column":0},"end":{"line":52,"column":1}}}},"branchMap":{},"s":{"1":1,"2":1,"3":1,"4":1,"5":1,"6":1,"7":1,"8":1,"9":1,"10":1,"11":1,"12":1,"13":1,"14":1,"15":1,"16":1},"b":{},"f":{"1":1,"2":233},"l":{"1":1,"2":1,"3":1,"4":1,"5":1,"6":1,"7":1,"8":1,"10":1,"12":1,"13":1,"14":1,"51":1,"52":1}},
"public/app/shared/confirm-delete-dialog.component.ts":{"path":"public/app/shared/confirm-delete-dialog.component.ts","statementMap":{"1":{"start":{"line":1,"column":0},"end":{"line":1,"column":48}},"2":{"start":{"line":2,"column":0},"end":{"line":2,"column":68}},"3":{"start":{"line":13,"column":0},"end":{"line":23,"column":0}},"4":{"start":{"line":20,"column":21},"end":{"line":20,"column":48}},"5":{"start":{"line":18,"column":11},"end":{"line":18,"column":63}},"6":{"start":{"line":13,"column":13},"end":{"line":23,"column":1}},"7":{"start":{"line":23,"column":0},"end":{"line":23,"column":1}},"8":{"start":{"line":13,"column":13},"end":{"line":13,"column":41}}},"fnMap":{"1":{"name":"(anonymous_2)","line":13,"loc":{"start":{"line":13,"column":0},"end":{"line":13,"column":-1}}},"2":{"name":"ConfirmDeleteDialogComponent","line":20,"loc":{"start":{"line":20,"column":48},"end":{"line":22,"column":3}}}},"branchMap":{},"s":{"1":1,"2":1,"3":1,"4":0,"5":1,"6":1,"7":1,"8":1},"b":{},"f":{"1":1,"2":0},"l":{"1":1,"2":1,"13":1,"18":1,"20":0,"23":1}},
"public/app/pipes/person-name.pipe.ts":{"path":"public/app/pipes/person-name.pipe.ts","statementMap":{"1":{"start":{"line":1,"column":0},"end":{"line":1,"column":51}},"2":{"start":{"line":18,"column":0},"end":{"line":29,"column":0}},"3":{"start":{"line":20,"column":2},"end":{"line":28,"column":3}},"4":{"start":{"line":21,"column":24},"end":{"line":21,"column":46}},"5":{"start":{"line":22,"column":24},"end":{"line":22,"column":45}},"6":{"start":{"line":23,"column":2},"end":{"line":27,"column":3}},"7":{"start":{"line":24,"column":4},"end":{"line":24,"column":66}},"8":{"start":{"line":26,"column":4},"end":{"line":26,"column":65}},"9":{"start":{"line":18,"column":13},"end":{"line":29,"column":1}},"10":{"start":{"line":29,"column":0},"end":{"line":29,"column":1}},"11":{"start":{"line":18,"column":13},"end":{"line":18,"column":27}}},"fnMap":{"1":{"name":"(anonymous_1)","line":18,"loc":{"start":{"line":18,"column":0},"end":{"line":18,"column":-1}}},"2":{"name":"PersonNamePipe","line":18,"loc":{"start":{"line":18,"column":0},"end":{"line":29,"column":1}}},"3":{"name":"(anonymous_3)","line":20,"loc":{"start":{"line":20,"column":41},"end":{"line":28,"column":3}}}},"branchMap":{"1":{"line":21,"type":"binary-expr","locations":[{"start":{"line":21,"column":24},"end":{"line":21,"column":40}},{"start":{"line":21,"column":44},"end":{"line":21,"column":46}}]},"2":{"line":22,"type":"binary-expr","locations":[{"start":{"line":22,"column":24},"end":{"line":22,"column":39}},{"start":{"line":22,"column":43},"end":{"line":22,"column":45}}]},"3":{"line":23,"type":"if","locations":[{"start":{"line":23,"column":2},"end":{"line":27,"column":3}},{"start":{"line":23,"column":2},"end":{"line":27,"column":3}}]},"4":{"line":24,"type":"cond-expr","locations":[{"start":{"line":24,"column":49},"end":{"line":24,"column":53}},{"start":{"line":24,"column":56},"end":{"line":24,"column":58}}]},"5":{"line":24,"type":"binary-expr","locations":[{"start":{"line":24,"column":20},"end":{"line":24,"column":30}},{"start":{"line":24,"column":34},"end":{"line":24,"column":46}}]},"6":{"line":26,"type":"cond-expr","locations":[{"start":{"line":26,"column":49},"end":{"line":26,"column":52}},{"start":{"line":26,"column":55},"end":{"line":26,"column":57}}]},"7":{"line":26,"type":"binary-expr","locations":[{"start":{"line":26,"column":20},"end":{"line":26,"column":30}},{"start":{"line":26,"column":34},"end":{"line":26,"column":46}}]}},"s":{"1":1,"2":1,"3":1,"4":125,"5":125,"6":125,"7":41,"8":84,"9":1,"10":1,"11":1},"b":{"1":[125,4],"2":[125,4],"3":[41,84],"4":[38,3],"5":[41,39],"6":[81,3],"7":[84,82]},"f":{"1":1,"2":89,"3":125},"l":{"1":1,"18":1,"20":1,"21":125,"22":125,"23":125,"24":41,"26":84,"29":1}},
"public/app/pipes/people-list-names.pipe.ts":{"path":"public/app/pipes/people-list-names.pipe.ts","statementMap":{"1":{"start":{"line":1,"column":0},"end":{"line":1,"column":51}},"2":{"start":{"line":18,"column":0},"end":{"line":36,"column":0}},"3":{"start":{"line":20,"column":2},"end":{"line":35,"column":3}},"4":{"start":{"line":21,"column":14},"end":{"line":21,"column":16}},"5":{"start":{"line":22,"column":4},"end":{"line":33,"column":5}},"6":{"start":{"line":22,"column":18},"end":{"line":22,"column":17}},"7":{"start":{"line":23,"column":26},"end":{"line":23,"column":48}},"8":{"start":{"line":24,"column":26},"end":{"line":24,"column":47}},"9":{"start":{"line":25,"column":6},"end":{"line":27,"column":7}},"10":{"start":{"line":26,"column":8},"end":{"line":26,"column":39}},"11":{"start":{"line":28,"column":4},"end":{"line":32,"column":7}},"12":{"start":{"line":29,"column":6},"end":{"line":29,"column":68}},"13":{"start":{"line":31,"column":4},"end":{"line":31,"column":65}},"14":{"start":{"line":34,"column":4},"end":{"line":34,"column":14}},"15":{"start":{"line":18,"column":13},"end":{"line":36,"column":1}},"16":{"start":{"line":36,"column":0},"end":{"line":36,"column":1}},"17":{"start":{"line":18,"column":13},"end":{"line":18,"column":32}}},"fnMap":{"1":{"name":"(anonymous_1)","line":18,"loc":{"start":{"line":18,"column":0},"end":{"line":18,"column":-1}}},"2":{"name":"PeopleListNamesPipe","line":18,"loc":{"start":{"line":18,"column":0},"end":{"line":36,"column":1}}},"3":{"name":"(anonymous_3)","line":20,"loc":{"start":{"line":20,"column":47},"end":{"line":35,"column":3}}}},"branchMap":{"1":{"line":23,"type":"binary-expr","locations":[{"start":{"line":23,"column":26},"end":{"line":23,"column":42}},{"start":{"line":23,"column":46},"end":{"line":23,"column":48}}]},"2":{"line":24,"type":"binary-expr","locations":[{"start":{"line":24,"column":26},"end":{"line":24,"column":41}},{"start":{"line":24,"column":45},"end":{"line":24,"column":47}}]},"3":{"line":25,"type":"if","locations":[{"start":{"line":25,"column":6},"end":{"line":27,"column":7}},{"start":{"line":25,"column":6},"end":{"line":27,"column":7}}]},"4":{"line":25,"type":"binary-expr","locations":[{"start":{"line":25,"column":9},"end":{"line":25,"column":19}},{"start":{"line":25,"column":24},"end":{"line":25,"column":36}},{"start":{"line":25,"column":40},"end":{"line":25,"column":52}}]},"5":{"line":26,"type":"cond-expr","locations":[{"start":{"line":26,"column":26},"end":{"line":26,"column":30}},{"start":{"line":26,"column":33},"end":{"line":26,"column":37}}]},"6":{"line":28,"type":"if","locations":[{"start":{"line":28,"column":4},"end":{"line":32,"column":7}},{"start":{"line":28,"column":4},"end":{"line":32,"column":7}}]},"7":{"line":29,"type":"cond-expr","locations":[{"start":{"line":29,"column":51},"end":{"line":29,"column":55}},{"start":{"line":29,"column":58},"end":{"line":29,"column":60}}]},"8":{"line":29,"type":"binary-expr","locations":[{"start":{"line":29,"column":22},"end":{"line":29,"column":32}},{"start":{"line":29,"column":36},"end":{"line":29,"column":48}}]},"9":{"line":31,"type":"cond-expr","locations":[{"start":{"line":31,"column":49},"end":{"line":31,"column":52}},{"start":{"line":31,"column":55},"end":{"line":31,"column":57}}]},"10":{"line":31,"type":"binary-expr","locations":[{"start":{"line":31,"column":20},"end":{"line":31,"column":30}},{"start":{"line":31,"column":34},"end":{"line":31,"column":46}}]}},"s":{"1":1,"2":1,"3":1,"4":23,"5":23,"6":31,"7":31,"8":31,"9":31,"10":8,"11":31,"12":13,"13":18,"14":23,"15":1,"16":1,"17":1},"b":{"1":[31,10],"2":[31,10],"3":[8,23],"4":[31,10,6],"5":[4,4],"6":[13,18],"7":[5,8],"8":[13,8],"9":[10,8],"10":[18,13]},"f":{"1":1,"2":7,"3":23},"l":{"1":1,"18":1,"20":1,"21":23,"22":31,"23":31,"24":31,"25":31,"26":8,"28":31,"29":13,"31":18,"34":23,"36":1}},
"public/app/pipes/phage-parents.pipe.ts":{"path":"public/app/pipes/phage-parents.pipe.ts","statementMap":{"1":{"start":{"line":1,"column":0},"end":{"line":1,"column":51}},"2":{"start":{"line":24,"column":0},"end":{"line":46,"column":0}},"3":{"start":{"line":26,"column":2},"end":{"line":45,"column":3}},"4":{"start":{"line":27,"column":14},"end":{"line":27,"column":16}},"5":{"start":{"line":28,"column":4},"end":{"line":30,"column":5}},"6":{"start":{"line":29,"column":6},"end":{"line":29,"column":33}},"7":{"start":{"line":31,"column":4},"end":{"line":33,"column":5}},"8":{"start":{"line":32,"column":6},"end":{"line":32,"column":17}},"9":{"start":{"line":34,"column":26},"end":{"line":34,"column":86}},"10":{"start":{"line":34,"column":50},"end":{"line":34,"column":84}},"11":{"start":{"line":35,"column":15},"end":{"line":35,"column":75}},"12":{"start":{"line":35,"column":36},"end":{"line":35,"column":73}},"13":{"start":{"line":37,"column":4},"end":{"line":43,"column":5}},"14":{"start":{"line":38,"column":6},"end":{"line":38,"column":32}},"15":{"start":{"line":39,"column":11},"end":{"line":43,"column":5}},"16":{"start":{"line":40,"column":6},"end":{"line":40,"column":44}},"17":{"start":{"line":41,"column":11},"end":{"line":43,"column":5}},"18":{"start":{"line":42,"column":6},"end":{"line":42,"column":53}},"19":{"start":{"line":44,"column":4},"end":{"line":44,"column":15}},"20":{"start":{"line":24,"column":13},"end":{"line":46,"column":1}},"21":{"start":{"line":46,"column":0},"end":{"line":46,"column":1}},"22":{"start":{"line":24,"column":13},"end":{"line":24,"column":29}}},"fnMap":{"1":{"name":"(anonymous_1)","line":24,"loc":{"start":{"line":24,"column":0},"end":{"line":24,"column":-1}}},"2":{"name":"PhageParentsPipe","line":24,"loc":{"start":{"line":24,"column":0},"end":{"line":46,"column":1}}},"3":{"name":"(anonymous_3)","line":26,"loc":{"start":{"line":26,"column":48},"end":{"line":45,"column":3}}},"4":{"name":"(anonymous_4)","line":34,"loc":{"start":{"line":34,"column":46},"end":{"line":34,"column":85}}},"5":{"name":"(anonymous_5)","line":35,"loc":{"start":{"line":35,"column":32},"end":{"line":35,"column":74}}}},"branchMap":{"1":{"line":28,"type":"if","locations":[{"start":{"line":28,"column":4},"end":{"line":30,"column":5}},{"start":{"line":28,"column":4},"end":{"line":30,"column":5}}]},"2":{"line":31,"type":"if","locations":[{"start":{"line":31,"column":4},"end":{"line":33,"column":5}},{"start":{"line":31,"column":4},"end":{"line":33,"column":5}}]},"3":{"line":37,"type":"if","locations":[{"start":{"line":37,"column":4},"end":{"line":43,"column":5}},{"start":{"line":37,"column":4},"end":{"line":43,"column":5}}]},"4":{"line":37,"type":"binary-expr","locations":[{"start":{"line":37,"column":7},"end":{"line":37,"column":26}},{"start":{"line":37,"column":30},"end":{"line":37,"column":46}}]},"5":{"line":39,"type":"if","locations":[{"start":{"line":39,"column":11},"end":{"line":43,"column":5}},{"start":{"line":39,"column":11},"end":{"line":43,"column":5}}]},"6":{"line":39,"type":"binary-expr","locations":[{"start":{"line":39,"column":14},"end":{"line":39,"column":33}},{"start":{"line":39,"column":37},"end":{"line":39,"column":53}}]},"7":{"line":41,"type":"if","locations":[{"start":{"line":41,"column":11},"end":{"line":43,"column":5}},{"start":{"line":41,"column":11},"end":{"line":43,"column":5}}]},"8":{"line":41,"type":"binary-expr","locations":[{"start":{"line":41,"column":14},"end":{"line":41,"column":33}},{"start":{"line":41,"column":37},"end":{"line":41,"column":53}}]}},"s":{"1":1,"2":1,"3":1,"4":21,"5":21,"6":2,"7":21,"8":2,"9":19,"10":7,"11":19,"12":26,"13":19,"14":7,"15":12,"16":5,"17":7,"18":7,"19":19,"20":1,"21":1,"22":1},"b":{"1":[2,19],"2":[2,19],"3":[7,12],"4":[19,12],"5":[5,7],"6":[12,5],"7":[7,0],"8":[7,7]},"f":{"1":1,"2":23,"3":21,"4":7,"5":26},"l":{"1":1,"24":1,"26":1,"27":21,"28":21,"29":2,"31":21,"32":2,"34":19,"35":26,"37":19,"38":7,"39":12,"40":5,"41":7,"42":7,"44":19,"46":1}},
"public/app/admin/course/course-edit/course-edit.component.ts":{"path":"public/app/admin/course/course-edit/course-edit.component.ts","statementMap":{"1":{"start":{"line":1,"column":0},"end":{"line":1,"column":60}},"2":{"start":{"line":3,"column":0},"end":{"line":3,"column":56}},"3":{"start":{"line":4,"column":0},"end":{"line":4,"column":53}},"4":{"start":{"line":6,"column":0},"end":{"line":6,"column":30}},"5":{"start":{"line":9,"column":0},"end":{"line":9,"column":49}},"6":{"start":{"line":10,"column":0},"end":{"line":10,"column":86}},"7":{"start":{"line":11,"column":0},"end":{"line":11,"column":94}},"8":{"start":{"line":15,"column":0},"end":{"line":15,"column":91}},"9":{"start":{"line":16,"column":0},"end":{"line":16,"column":61}},"10":{"start":{"line":28,"column":0},"end":{"line":215,"column":0}},"11":{"start":{"line":56,"column":22},"end":{"line":56,"column":37}},"12":{"start":{"line":57,"column":12},"end":{"line":57,"column":34}},"13":{"start":{"line":58,"column":12},"end":{"line":58,"column":41}},"14":{"start":{"line":59,"column":12},"end":{"line":59,"column":47}},"15":{"start":{"line":60,"column":12},"end":{"line":60,"column":35}},"16":{"start":{"line":54,"column":10},"end":{"line":54,"column":36}},"17":{"start":{"line":61,"column":4},"end":{"line":61,"column":47}},"18":{"start":{"line":71,"column":2},"end":{"line":92,"column":3}},"19":{"start":{"line":71,"column":2},"end":{"line":92,"column":2}},"20":{"start":{"line":72,"column":4},"end":{"line":72,"column":46}},"21":{"start":{"line":73,"column":4},"end":{"line":91,"column":11}},"22":{"start":{"line":74,"column":25},"end":{"line":74,"column":44}},"23":{"start":{"line":76,"column":12},"end":{"line":90,"column":17}},"24":{"start":{"line":79,"column":16},"end":{"line":79,"column":39}},"25":{"start":{"line":80,"column":16},"end":{"line":87,"column":19}},"26":{"start":{"line":83,"column":20},"end":{"line":83,"column":67}},"27":{"start":{"line":85,"column":18},"end":{"line":85,"column":61}},"28":{"start":{"line":86,"column":18},"end":{"line":86,"column":42}},"29":{"start":{"line":89,"column":16},"end":{"line":89,"column":60}},"30":{"start":{"line":97,"column":2},"end":{"line":99,"column":3}},"31":{"start":{"line":98,"column":4},"end":{"line":98,"column":62}},"32":{"start":{"line":105,"column":2},"end":{"line":115,"column":3}},"33":{"start":{"line":105,"column":2},"end":{"line":115,"column":2}},"34":{"start":{"line":106,"column":4},"end":{"line":114,"column":7}},"35":{"start":{"line":111,"column":6},"end":{"line":111,"column":63}},"36":{"start":{"line":113,"column":6},"end":{"line":113,"column":48}},"37":{"start":{"line":122,"column":2},"end":{"line":136,"column":3}},"38":{"start":{"line":122,"column":2},"end":{"line":136,"column":2}},"39":{"start":{"line":123,"column":4},"end":{"line":135,"column":5}},"40":{"start":{"line":124,"column":4},"end":{"line":134,"column":7}},"41":{"start":{"line":128,"column":6},"end":{"line":128,"column":32}},"42":{"start":{"line":129,"column":6},"end":{"line":131,"column":9}},"43":{"start":{"line":130,"column":8},"end":{"line":130,"column":45}},"44":{"start":{"line":133,"column":6},"end":{"line":133,"column":48}},"45":{"start":{"line":145,"column":2},"end":{"line":156,"column":3}},"46":{"start":{"line":145,"column":2},"end":{"line":156,"column":2}},"47":{"start":{"line":146,"column":21},"end":{"line":146,"column":117}},"48":{"start":{"line":147,"column":4},"end":{"line":147,"column":117}},"49":{"start":{"line":149,"column":4},"end":{"line":155,"column":6}},"50":{"start":{"line":150,"column":6},"end":{"line":152,"column":7}},"51":{"start":{"line":151,"column":8},"end":{"line":151,"column":32}},"52":{"start":{"line":161,"column":2},"end":{"line":170,"column":3}},"53":{"start":{"line":161,"column":2},"end":{"line":170,"column":2}},"54":{"start":{"line":162,"column":4},"end":{"line":169,"column":6}},"55":{"start":{"line":166,"column":6},"end":{"line":166,"column":48}},"56":{"start":{"line":168,"column":6},"end":{"line":168,"column":48}},"57":{"start":{"line":178,"column":2},"end":{"line":189,"column":3}},"58":{"start":{"line":178,"column":2},"end":{"line":189,"column":2}},"59":{"start":{"line":179,"column":21},"end":{"line":179,"column":88}},"60":{"start":{"line":180,"column":4},"end":{"line":180,"column":133}},"61":{"start":{"line":182,"column":4},"end":{"line":188,"column":6}},"62":{"start":{"line":183,"column":6},"end":{"line":185,"column":7}},"63":{"start":{"line":184,"column":8},"end":{"line":184,"column":40}},"64":{"start":{"line":195,"column":2},"end":{"line":204,"column":3}},"65":{"start":{"line":195,"column":2},"end":{"line":204,"column":2}},"66":{"start":{"line":196,"column":4},"end":{"line":203,"column":6}},"67":{"start":{"line":200,"column":6},"end":{"line":200,"column":76}},"68":{"start":{"line":202,"column":6},"end":{"line":202,"column":48}},"69":{"start":{"line":209,"column":2},"end":{"line":213,"column":3}},"70":{"start":{"line":210,"column":4},"end":{"line":210,"column":37}},"71":{"start":{"line":211,"column":4},"end":{"line":211,"column":33}},"72":{"start":{"line":212,"column":4},"end":{"line":212,"column":36}},"73":{"start":{"line":28,"column":13},"end":{"line":215,"column":1}},"74":{"start":{"line":215,"column":0},"end":{"line":215,"column":1}},"75":{"start":{"line":28,"column":13},"end":{"line":28,"column":32}}},"fnMap":{"1":{"name":"(anonymous_2)","line":28,"loc":{"start":{"line":28,"column":0},"end":{"line":28,"column":-1}}},"2":{"name":"CourseEditComponent","line":60,"loc":{"start":{"line":60,"column":35},"end":{"line":62,"column":3}}},"3":{"name":"(anonymous_4)","line":71,"loc":{"start":{"line":71,"column":2},"end":{"line":92,"column":3}}},"4":{"name":"(anonymous_5)","line":73,"loc":{"start":{"line":73,"column":60},"end":{"line":91,"column":9}}},"5":{"name":"(anonymous_6)","line":78,"loc":{"start":{"line":78,"column":30},"end":{"line":88,"column":15}}},"6":{"name":"(anonymous_7)","line":82,"loc":{"start":{"line":82,"column":36},"end":{"line":84,"column":17}}},"7":{"name":"(anonymous_8)","line":84,"loc":{"start":{"line":84,"column":24},"end":{"line":87,"column":17}}},"8":{"name":"(anonymous_9)","line":88,"loc":{"start":{"line":88,"column":22},"end":{"line":90,"column":15}}},"9":{"name":"(anonymous_10)","line":97,"loc":{"start":{"line":97,"column":2},"end":{"line":99,"column":3}}},"10":{"name":"(anonymous_11)","line":105,"loc":{"start":{"line":105,"column":2},"end":{"line":115,"column":3}}},"11":{"name":"(anonymous_12)","line":109,"loc":{"start":{"line":109,"column":23},"end":{"line":112,"column":5}}},"12":{"name":"(anonymous_13)","line":112,"loc":{"start":{"line":112,"column":11},"end":{"line":114,"column":5}}},"13":{"name":"(anonymous_14)","line":122,"loc":{"start":{"line":122,"column":2},"end":{"line":136,"column":3}}},"14":{"name":"(anonymous_15)","line":127,"loc":{"start":{"line":127,"column":25},"end":{"line":132,"column":5}}},"15":{"name":"(anonymous_16)","line":129,"loc":{"start":{"line":129,"column":57},"end":{"line":131,"column":7}}},"16":{"name":"(anonymous_17)","line":132,"loc":{"start":{"line":132,"column":11},"end":{"line":134,"column":5}}},"17":{"name":"(anonymous_18)","line":145,"loc":{"start":{"line":145,"column":2},"end":{"line":156,"column":3}}},"18":{"name":"(anonymous_19)","line":149,"loc":{"start":{"line":149,"column":32},"end":{"line":153,"column":5}}},"19":{"name":"(anonymous_20)","line":153,"loc":{"start":{"line":153,"column":15},"end":{"line":155,"column":5}}},"20":{"name":"(anonymous_21)","line":161,"loc":{"start":{"line":161,"column":2},"end":{"line":170,"column":3}}},"21":{"name":"(anonymous_22)","line":164,"loc":{"start":{"line":164,"column":19},"end":{"line":167,"column":5}}},"22":{"name":"(anonymous_23)","line":167,"loc":{"start":{"line":167,"column":11},"end":{"line":169,"column":5}}},"23":{"name":"(anonymous_24)","line":178,"loc":{"start":{"line":178,"column":2},"end":{"line":189,"column":3}}},"24":{"name":"(anonymous_25)","line":182,"loc":{"start":{"line":182,"column":32},"end":{"line":186,"column":5}}},"25":{"name":"(anonymous_26)","line":186,"loc":{"start":{"line":186,"column":15},"end":{"line":188,"column":5}}},"26":{"name":"(anonymous_27)","line":195,"loc":{"start":{"line":195,"column":2},"end":{"line":204,"column":3}}},"27":{"name":"(anonymous_28)","line":198,"loc":{"start":{"line":198,"column":19},"end":{"line":201,"column":5}}},"28":{"name":"(anonymous_29)","line":201,"loc":{"start":{"line":201,"column":11},"end":{"line":203,"column":5}}},"29":{"name":"(anonymous_30)","line":209,"loc":{"start":{"line":209,"column":2},"end":{"line":213,"column":3}}}},"branchMap":{"1":{"line":123,"type":"if","locations":[{"start":{"line":123,"column":4},"end":{"line":135,"column":5}},{"start":{"line":123,"column":4},"end":{"line":135,"column":5}}]},"2":{"line":150,"type":"if","locations":[{"start":{"line":150,"column":6},"end":{"line":152,"column":7}},{"start":{"line":150,"column":6},"end":{"line":152,"column":7}}]},"3":{"line":183,"type":"if","locations":[{"start":{"line":183,"column":6},"end":{"line":185,"column":7}},{"start":{"line":183,"column":6},"end":{"line":185,"column":7}}]}},"s":{"1":1,"2":1,"3":1,"4":1,"5":1,"6":1,"7":1,"8":1,"9":1,"10":1,"11":14,"12":14,"13":14,"14":14,"15":14,"16":14,"17":14,"18":1,"19":14,"20":14,"21":14,"22":14,"23":14,"24":14,"25":14,"26":14,"27":0,"28":0,"29":0,"30":1,"31":1,"32":1,"33":2,"34":2,"35":2,"36":0,"37":1,"38":3,"39":3,"40":3,"41":3,"42":3,"43":3,"44":0,"45":1,"46":0,"47":0,"48":0,"49":0,"50":0,"51":0,"52":1,"53":2,"54":2,"55":2,"56":0,"57":1,"58":0,"59":0,"60":0,"61":0,"62":0,"63":0,"64":1,"65":2,"66":2,"67":2,"68":0,"69":1,"70":14,"71":14,"72":14,"73":1,"74":1,"75":1},"b":{"1":[3,0],"2":[0,0],"3":[0,0]},"f":{"1":1,"2":14,"3":14,"4":14,"5":14,"6":14,"7":0,"8":0,"9":1,"10":2,"11":2,"12":0,"13":3,"14":3,"15":3,"16":0,"17":0,"18":0,"19":0,"20":2,"21":2,"22":0,"23":0,"24":0,"25":0,"26":2,"27":2,"28":0,"29":14},"l":{"1":1,"3":1,"4":1,"6":1,"9":1,"10":1,"11":1,"15":1,"16":1,"28":1,"54":14,"56":14,"57":14,"58":14,"59":14,"60":14,"61":14,"71":14,"72":14,"73":14,"74":14,"76":14,"79":14,"80":14,"83":14,"85":0,"86":0,"89":0,"97":1,"98":1,"105":2,"106":2,"111":2,"113":0,"122":3,"123":3,"124":3,"128":3,"129":3,"130":3,"133":0,"145":1,"146":0,"147":0,"149":0,"150":0,"151":0,"161":2,"162":2,"166":2,"168":0,"178":1,"179":0,"180":0,"182":0,"183":0,"184":0,"195":2,"196":2,"200":2,"202":0,"209":1,"210":14,"211":14,"212":14,"215":1}},
"public/app/admin/course/course.service.ts":{"path":"public/app/admin/course/course.service.ts","statementMap":{"1":{"start":{"line":1,"column":0},"end":{"line":1,"column":42}},"2":{"start":{"line":2,"column":0},"end":{"line":2,"column":49}},"3":{"start":{"line":11,"column":0},"end":{"line":188,"column":0}},"4":{"start":{"line":15,"column":22},"end":{"line":15,"column":39}},"5":{"start":{"line":13,"column":10},"end":{"line":13,"column":34}},"6":{"start":{"line":29,"column":2},"end":{"line":32,"column":3}},"7":{"start":{"line":30,"column":4},"end":{"line":31,"column":60}},"8":{"start":{"line":44,"column":2},"end":{"line":47,"column":3}},"9":{"start":{"line":45,"column":4},"end":{"line":46,"column":65}},"10":{"start":{"line":59,"column":2},"end":{"line":62,"column":3}},"11":{"start":{"line":60,"column":4},"end":{"line":61,"column":71}},"12":{"start":{"line":74,"column":2},"end":{"line":77,"column":3}},"13":{"start":{"line":75,"column":4},"end":{"line":76,"column":83}},"14":{"start":{"line":89,"column":2},"end":{"line":92,"column":3}},"15":{"start":{"line":90,"column":4},"end":{"line":91,"column":91}},"16":{"start":{"line":107,"column":2},"end":{"line":110,"column":3}},"17":{"start":{"line":108,"column":4},"end":{"line":109,"column":117}},"18":{"start":{"line":123,"column":2},"end":{"line":126,"column":3}},"19":{"start":{"line":124,"column":4},"end":{"line":125,"column":78}},"20":{"start":{"line":138,"column":2},"end":{"line":141,"column":3}},"21":{"start":{"line":139,"column":4},"end":{"line":140,"column":65}},"22":{"start":{"line":154,"column":2},"end":{"line":157,"column":3}},"23":{"start":{"line":155,"column":4},"end":{"line":156,"column":74}},"24":{"start":{"line":171,"column":2},"end":{"line":174,"column":3}},"25":{"start":{"line":172,"column":4},"end":{"line":173,"column":84}},"26":{"start":{"line":183,"column":2},"end":{"line":186,"column":3}},"27":{"start":{"line":184,"column":4},"end":{"line":185,"column":27}},"28":{"start":{"line":11,"column":13},"end":{"line":188,"column":1}},"29":{"start":{"line":188,"column":0},"end":{"line":188,"column":1}},"30":{"start":{"line":11,"column":13},"end":{"line":11,"column":26}}},"fnMap":{"1":{"name":"(anonymous_2)","line":11,"loc":{"start":{"line":11,"column":0},"end":{"line":11,"column":-1}}},"2":{"name":"CourseService","line":15,"loc":{"start":{"line":15,"column":39},"end":{"line":16,"column":3}}},"3":{"name":"(anonymous_4)","line":29,"loc":{"start":{"line":29,"column":29},"end":{"line":32,"col
[...]
"column":25}},"26":{"start":{"line":87,"column":4},"end":{"line":87,"column":73}},"27":{"start":{"line":88,"column":4},"end":{"line":101,"column":7}},"28":{"start":{"line":91,"column":6},"end":{"line":91,"column":26}},"29":{"start":{"line":93,"column":6},"end":{"line":93,"column":76}},"30":{"start":{"line":93,"column":47},"end":{"line":93,"column":73}},"31":{"start":{"line":94,"column":6},"end":{"line":98,"column":7}},"32":{"start":{"line":95,"column":8},"end":{"line":95,"column":62}},"33":{"start":{"line":97,"column":8},"end":{"line":97,"column":31}},"34":{"start":{"line":100,"column":6},"end":{"line":100,"column":48}},"35":{"start":{"line":107,"column":2},"end":{"line":110,"column":3}},"36":{"start":{"line":108,"column":4},"end":{"line":108,"column":33}},"37":{"start":{"line":109,"column":4},"end":{"line":109,"column":36}},"38":{"start":{"line":123,"column":2},"end":{"line":130,"column":3}},"39":{"start":{"line":124,"column":19},"end":{"line":124,"column":44}},"40":{"start":{"line":125,"column":4},"end":{"line":129,"column":5}},"41":{"start":{"line":140,"column":2},"end":{"line":143,"column":3}},"42":{"start":{"line":141,"column":12},"end":{"line":141,"column":37}},"43":{"start":{"line":142,"column":4},"end":{"line":142,"column":35}},"44":{"start":{"line":150,"column":2},"end":{"line":164,"column":3}},"45":{"start":{"line":150,"column":2},"end":{"line":164,"column":2}},"46":{"start":{"line":152,"column":4},"end":{"line":152,"column":27}},"47":{"start":{"line":154,"column":14},"end":{"line":154,"column":42}},"48":{"start":{"line":155,"column":4},"end":{"line":163,"column":7}},"49":{"start":{"line":159,"column":6},"end":{"line":159,"column":37}},"50":{"start":{"line":160,"column":6},"end":{"line":160,"column":51}},"51":{"start":{"line":162,"column":6},"end":{"line":162,"column":48}},"52":{"start":{"line":21,"column":13},"end":{"line":165,"column":1}},"53":{"start":{"line":165,"column":0},"end":{"line":165,"column":1}},"54":{"start":{"line":21,"column":13},"end":{"line":21,"column":31}}},"fnMap":{"1":{"name":"(anonymous_2)","line":21,"loc":{"start":{"line":21,"column":0},"end":{"line":21,"column":-1}}},"2":{"name":"ModelRoomComponent","line":64,"loc":{"start":{"line":64,"column":55},"end":{"line":74,"column":3}}},"3":{"name":"(anonymous_4)","line":82,"loc":{"start":{"line":82,"column":2},"end":{"line":102,"column":3}}},"4":{"name":"(anonymous_5)","line":90,"loc":{"start":{"line":90,"column":22},"end":{"line":99,"column":5}}},"5":{"name":"(anonymous_6)","line":93,"loc":{"start":{"line":93,"column":42},"end":{"line":93,"column":74}}},"6":{"name":"(anonymous_7)","line":99,"loc":{"start":{"line":99,"column":11},"end":{"line":101,"column":5}}},"7":{"name":"(anonymous_8)","line":107,"loc":{"start":{"line":107,"column":2},"end":{"line":110,"column":3}}},"8":{"name":"(anonymous_9)","line":123,"loc":{"start":{"line":123,"column":43},"end":{"line":130,"column":3}}},"9":{"name":"(anonymous_10)","line":140,"loc":{"start":{"line":140,"column":41},"end":{"line":143,"column":3}}},"10":{"name":"(anonymous_11)","line":150,"loc":{"start":{"line":150,"column":2},"end":{"line":164,"column":3}}},"11":{"name":"(anonymous_12)","line":158,"loc":{"start":{"line":158,"column":21},"end":{"line":161,"column":5}}},"12":{"name":"(anonymous_13)","line":161,"loc":{"start":{"line":161,"column":11},"end":{"line":163,"column":5}}}},"branchMap":{"1":{"line":84,"type":"if","locations":[{"start":{"line":84,"column":4},"end":{"line":86,"column":5}},{"start":{"line":84,"column":4},"end":{"line":86,"column":5}}]},"2":{"line":94,"type":"if","locations":[{"start":{"line":94,"column":6},"end":{"line":98,"column":7}},{"start":{"line":94,"column":6},"end":{"line":98,"column":7}}]}},"s":{"1":1,"2":1,"3":1,"4":1,"5":1,"6":1,"7":1,"8":1,"9":6,"10":6,"11":6,"12":6,"13":6,"14":6,"15":6,"16":6,"17":6,"18":6,"19":210,"20":6,"21":1,"22":6,"23":6,"24":6,"25":6,"26":6,"27":6,"28":6,"29":6,"30":12,"31":6,"32":0,"33":6,"34":0,"35":1,"36":0,"37":0,"38":1,"39":1260,"40":1260,"41":1,"42":2,"43":2,"44":1,"45":1,"46":1,"47":1,"48":1,"49":1,"50":1,"51":0,"52":1,"53":1,"54":1},"b":{"1":[6,0],"2":[0,6]},"f":{"1":1,"2":6,"3":6,"4":6,"5":12,"6":0,"7":0,"8":1260,"9":2,"10":1,"11":1,"12":0},"l":{"1":1,"2":1,"3":1,"6":1,"7":1,"8":1,"9":1,"21":1,"50":6,"61":6,"62":6,"63":6,"64":6,"65":6,"67":6,"68":6,"69":6,"70":6,"71":210,"73":6,"82":6,"83":6,"84":6,"85":6,"87":6,"88":6,"91":6,"93":12,"94":6,"95":0,"97":6,"100":0,"107":1,"108":0,"109":0,"123":1,"124":1260,"125":1260,"140":1,"141":2,"142":2,"150":1,"152":1,"154":1,"155":1,"159":1,"160":1,"162":0,"165":1}},
"public/app/scenario/location/plexer-room/plexer-room.component.ts":{"path":"public/app/scenario/location/plexer-room/plexer-room.component.ts","statementMap":{"1":{"start":{"line":1,"column":0},"end":{"line":1,"column":60}},"2":{"start":{"line":3,"column":0},"end":{"line":3,"column":56}},"3":{"start":{"line":5,"column":0},"end":{"line":5,"column":56}},"4":{"start":{"line":6,"column":0},"end":{"line":6,"column":57}},"5":{"start":{"line":7,"column":0},"end":{"line":7,"column":55}},"6":{"start":{"line":9,"column":0},"end":{"line":9,"column":61}},"7":{"start":{"line":23,"column":0},"end":{"line":335,"column":0}},"8":{"start":{"line":90,"column":23},"end":{"line":90,"column":60}},"9":{"start":{"line":91,"column":23},"end":{"line":91,"column":56}},"10":{"start":{"line":28,"column":10},"end":{"line":28,"column":38}},"11":{"start":{"line":32,"column":10},"end":{"line":32,"column":72}},"12":{"start":{"line":36,"column":10},"end":{"line":36,"column":40}},"13":{"start":{"line":52,"column":10},"end":{"line":52,"column":37}},"14":{"start":{"line":61,"column":10},"end":{"line":61,"column":36}},"15":{"start":{"line":78,"column":10},"end":{"line":82,"column":4}},"16":{"start":{"line":92,"column":4},"end":{"line":92,"column":91}},"17":{"start":{"line":93,"column":4},"end":{"line":93,"column":22}},"18":{"start":{"line":99,"column":2},"end":{"line":102,"column":3}},"19":{"start":{"line":99,"column":2},"end":{"line":102,"column":2}},"20":{"start":{"line":100,"column":4},"end":{"line":101,"column":62}},"21":{"start":{"line":101,"column":30},"end":{"line":101,"column":60}},"22":{"start":{"line":107,"column":2},"end":{"line":112,"column":3}},"23":{"start":{"line":108,"column":4},"end":{"line":109,"column":38}},"24":{"start":{"line":109,"column":6},"end":{"line":109,"column":38}},"25":{"start":{"line":110,"column":4},"end":{"line":111,"column":39}},"26":{"start":{"line":111,"column":4},"end":{"line":111,"column":39}},"27":{"start":{"line":117,"column":12},"end":{"line":125,"column":3}},"28":{"start":{"line":118,"column":4},"end":{"line":118,"column":19}},"29":{"start":{"line":119,"column":4},"end":{"line":119,"column":19}},"30":{"start":{"line":120,"column":4},"end":{"line":123,"column":5}},"31":{"start":{"line":121,"column":6},"end":{"line":121,"column":27}},"32":{"start":{"line":122,"column":6},"end":{"line":122,"column":27}},"33":{"start":{"line":124,"column":4},"end":{"line":124,"column":26}},"34":{"start":{"line":132,"column":2},"end":{"line":140,"column":3}},"35":{"start":{"line":133,"column":4},"end":{"line":133,"column":29}},"36":{"start":{"line":134,"column":4},"end":{"line":134,"column":63}},"37":{"start":{"line":135,"column":4},"end":{"line":135,"column":31}},"38":{"start":{"line":136,"column":4},"end":{"line":136,"column":22}},"39":{"start":{"line":137,"column":4},"end":{"line":137,"column":22}},"40":{"start":{"line":138,"column":4},"end":{"line":138,"column":27}},"41":{"start":{"line":139,"column":4},"end":{"line":139,"column":35}},"42":{"start":{"line":151,"column":2},"end":{"line":160,"column":3}},"43":{"start":{"line":152,"column":4},"end":{"line":159,"column":5}},"44":{"start":{"line":176,"column":2},"end":{"line":191,"column":3}},"45":{"start":{"line":179,"column":4},"end":{"line":181,"column":5}},"46":{"start":{"line":180,"column":6},"end":{"line":180,"column":18}},"47":{"start":{"line":183,"column":19},"end":{"line":183,"column":45}},"48":{"start":{"line":185,"column":4},"end":{"line":189,"column":5}},"49":{"start":{"line":186,"column":6},"end":{"line":186,"column":18}},"50":{"start":{"line":187,"column":11},"end":{"line":189,"column":5}},"51":{"start":{"line":188,"column":6},"end":{"line":188,"column":18}},"52":{"start":{"line":190,"column":4},"end":{"line":190,"column":20}},"53":{"start":{"line":206,"column":12},"end":{"line":216,"column":3}},"54":{"start":{"line":206,"column":2},"end":{"line":216,"column":2}},"55":{"start":{"line":207,"column":16},"end":{"line":214,"column":6}},"56":{"start":{"line":208,"column":6},"end":{"line":208,"column":25}},"57":{"start":{"line":210,"column":8},"end":{"line":213,"column":16}},"58":{"start":{"line":215,"column":4},"end":{"line":215,"column":16}},"59":{"start":{"line":228,"column":12},"end":{"line":253,"column":3}},"60":{"start":{"line":229,"column":14},"end":{"line":229,"column":16}},"61":{"start":{"line":230,"column":18},"end":{"line":230,"column":20}},"62":{"start":{"line":231,"column":17},"end":{"line":231,"column":18}},"63":{"start":{"line":232,"column":17},"end":{"line":232,"column":18}},"64":{"start":{"line":233,"column":4},"end":{"line":239,"column":5}},"65":{"start":{"line":234,"column":16},"end":{"line":234,"column":28}},"66":{"start":{"line":235,"column":6},"end":{"line":238,"column":7}},"67":{"start":{"line":236,"column":8},"end":{"line":236,"column":28}},"68":{"start":{"line":237,"column":8},"end":{"line":237,"column":18}},"69":{"start":{"line":240,"column":4},"end":{"line":251,"column":5}},"70":{"start":{"line":241,"column":6},"end":{"line":250,"column":7}},"71":{"start":{"line":242,"column":18},"end":{"line":242,"column":33}},"72":{"start":{"line":243,"column":18},"end":{"line":243,"column":20}},"73":{"start":{"line":244,"column":8},"end":{"line":247,"column":9}},"74":{"start":{"line":245,"column":23},"end":{"line":245,"column":33}},"75":{"start":{"line":246,"column":10},"end":{"line":246,"column":31}},"76":{"start":{"line":248,"column":8},"end":{"line":248,"column":21}},"77":{"start":{"line":249,"column":8},"end":{"line":249,"column":17}},"78":{"start":{"line":252,"column":4},"end":{"line":252,"column":15}},"79":{"start":{"line":260,"column":10},"end":{"line":263,"column":3}},"80":{"start":{"line":261,"column":4},"end":{"line":261,"column":76}},"81":{"start":{"line":262,"column":5},"end":{"line":262,"column":79}},"82":{"start":{"line":271,"column":2},"end":{"line":273,"column":3}},"83":{"start":{"line":272,"column":4},"end":{"line":272,"column":30}},"84":{"start":{"line":281,"column":2},"end":{"line":307,"column":3}},"85":{"start":{"line":281,"column":2},"end":{"line":307,"column":2}},"86":{"start":{"line":283,"column":4},"end":{"line":283,"column":38}},"87":{"start":{"line":285,"column":18},"end":{"line":285,"column":27}},"88":{"start":{"line":286,"column":20},"end":{"line":286,"column":46}},"89":{"start":{"line":287,"column":20},"end":{"line":287,"column":48}},"90":{"start":{"line":289,"column":28},"end":{"line":297,"column":5}},"91":{"start":{"line":299,"column":4},"end":{"line":306,"column":7}},"92":{"start":{"line":301,"column":6},"end":{"line":301,"column":47}},"93":{"start":{"line":302,"column":6},"end":{"line":302,"column":38}},"94":{"start":{"line":304,"column":6},"end":{"line":304,"column":48}},"95":{"start":{"line":305,"column":6},"end":{"line":305,"column":38}},"96":{"start":{"line":319,"column":2},"end":{"line":334,"column":3}},"97":{"start":{"line":320,"column":30},"end":{"line":320,"column":45}},"98":{"start":{"line":321,"column":33},"end":{"line":325,"column":5}},"99":{"start":{"line":327,"column":4},"end":{"line":333,"column":5}},"100":{"start":{"line":328,"column":6},"end":{"line":328,"column":30}},"101":{"start":{"line":329,"column":6},"end":{"line":329,"column":92}},"102":{"start":{"line":329,"column":60},"end":{"line":329,"column":81}},"103":{"start":{"line":330,"column":11},"end":{"line":333,"column":5}},"104":{"start":{"line":331,"column":6},"end":{"line":331,"column":30}},"105":{"start":{"line":332,"column":6},"end":{"line":332,"column":92}},"106":{"start":{"line":332,"column":60},"end":{"line":332,"column":81}},"107":{"start":{"line":23,"column":13},"end":{"line":335,"column":1}},"108":{"start":{"line":335,"column":0},"end":{"line":335,"column":1}},"109":{"start":{"line":23,"column":13},"end":{"line":23,"column":32}}},"fnMap":{"1":{"name":"(anonymous_2)","line":23,"loc":{"start":{"line":23,"column":0},"end":{"line":23,"column":-1}}},"2":{"name":"PlexerRoomComponent","line":91,"loc":{"start":{"line":91,"column":56},"end":{"line":94,"column":3}}},"3":{"name":"(anonymous_4)","line":99,"loc":{"start":{"line":99,"column":2},"end":{"line":102,"column":3}}},"4":{"name":"(anonymous_5)","line":101,"loc":{"start":{"line":101,"column":25},"end":{"line":101,"column":60}}},"5":{"name":"(anonymous_6)","line":107,"loc":{"start":{"line":107,"column":2},"end":{"line":112,"column":3}}},"6":{"name":"(anonymous_7)","line":117,"loc":{"start":{"line":117,"column":2},"end":{"line":125,"column":3}}},"7":{"name":"(anonymous_8)","line":132,"loc":{"start":{"line":132,"column":2},"end":{"line":140,"column":3}}},"8":{"name":"(anonymous_9)","line":151,"loc":{"start":{"line":151,"column":28},"end":{"line":160,"column":3}}},"9":{"name":"(anonymous_10)","line":176,"loc":{"start":{"line":176,"column":2},"end":{"line":191,"column":3}}},"10":{"name":"(anonymous_11)","line":206,"loc":{"start":{"line":206,"column":50},"end":{"line":216,"column":3}}},"11":{"name":"(anonymous_12)","line":207,"loc":{"start":{"line":207,"column":34},"end":{"line":209,"column":5}}},"12":{"name":"(anonymous_13)","line":209,"loc":{"start":{"line":209,"column":15},"end":{"line":214,"column":5}}},"13":{"name":"(anonymous_14)","line":228,"loc":{"start":{"line":228,"column":43},"end":{"line":253,"column":3}}},"14":{"name":"(anonymous_15)","line":260,"loc":{"start":{"line":260,"column":43},"end":{"line":263,"column":3}}},"15":{"name":"(anonymous_16)","line":271,"loc":{"start":{"line":271,"column":2},"end":{"line":273,"column":3}}},"16":{"name":"(anonymous_17)","line":281,"loc":{"start":{"line":281,"column":2},"end":{"line":307,"column":3}}},"17":{"name":"(anonymous_18)","line":300,"loc":{"start":{"line":300,"column":19},"end":{"line":303,"column":5}}},"18":{"name":"(anonymous_19)","line":303,"loc":{"start":{"line":303,"column":11},"end":{"line":306,"column":5}}},"19":{"name":"(anonymous_20)","line":319,"loc":{"start":{"line":319,"column":49},"end":{"line":334,"column":3}}},"20":{"name":"(anonymous_21)","line":329,"loc":{"start":{"line":329,"column":56},"end":{"line":329,"column":83}}},"21":{"name":"(anonymous_22)","line":332,"loc":{"start":{"line":332,"column":56},"end":{"line":332,"column":83}}}},"branchMap":{"1":{"line":108,"type":"if","locations":[{"start":{"line":108,"column":4},"end":{"line":109,"column":38}},{"start":{"line":108,"column":4},"end":{"line":109,"column":38}}]},"2":{"line":110,"type":"if","locations":[{"start":{"line":110,"column":4},"end":{"line":111,"column":39}},{"start":{"line":110,"column":4},"end":{"line":111,"column":39}}]},"3":{"line":155,"type":"binary-expr","locations":[{"start":{"line":155,"column":27},"end":{"line":155,"column":36}},{"start":{"line":155,"column":40},"end":{"line":155,"column":63}}]},"4":{"line":156,"type":"binary-expr","locations":[{"start":{"line":156,"column":19},"end":{"line":156,"column":28}},{"start":{"line":156,"column":32},"end":{"line":156,"column":55}}]},"5":{"line":157,"type":"binary-expr","locations":[{"start":{"line":157,"column":29},"end":{"line":157,"column":38}},{"start":{"line":157,"column":42},"end":{"line":157,"column":65}}]},"6":{"line":158,"type":"binary-expr","locations":[{"start":{"line":158,"column":21},"end":{"line":158,"column":30}},{"start":{"line":158,"column":34},"end":{"line":158,"column":57}}]},"7":{"line":179,"type":"if","locations":[{"start":{"line":179,"column":4},"end":{"line":181,"column":5}},{"start":{"line":179,"column":4},"end":{"line":181,"column":5}}]},"8":{"line":185,"type":"if","locations":[{"start":{"line":185,"column":4},"end":{"line":189,"column":5}},{"start":{"line":185,"column":4},"end":{"line":189,"column":5}}]},"9":{"line":185,"type":"binary-expr","locations":[{"start":{"line":185,"column":7},"end":{"line":185,"column":29}},{"start":{"line":185,"column":33},"end":{"line":185,"column":55}}]},"10":{"line":187,"type":"if","locations":[{"start":{"line":187,"column":11},"end":{"line":189,"column":5}},{"start":{"line":187,"column":11},"end":{"line":189,"column":5}}]},"11":{"line":187,"type":"binary-expr","locations":[{"start":{"line":187,"column":15},"end":{"line":187,"column":39}},{"start":{"line":187,"column":43},"end":{"line":187,"column":66}}]},"12":{"line":235,"type":"if","locations":[{"start":{"line":235,"column":6},"end":{"line":238,"column":7}},{"start":{"line":235,"column":6},"end":{"line":238,"column":7}}]},"13":{"line":241,"type":"if","locations":[{"start":{"line":241,"column":6},"end":{"line":250,"column":7}},{"start":{"line":241,"column":6},"end":{"line":250,"column":7}}]},"14":{"line":261,"type":"cond-expr","locations":[{"start":{"line":261,"column":62},"end":{"line":261,"column":67}},{"start":{"line":261,"column":70},"end":{"line":261,"column":74}}]},"15":{"line":262,"type":"cond-expr","locations":[{"start":{"line":262,"column":65},"end":{"line":262,"column":69}},{"start":{"line":262,"column":72},"end":{"line":262,"column":77}}]},"16":{"line":327,"type":"if","locations":[{"start":{"line":327,"column":4},"end":{"line":333,"column":5}},{"start":{"line":327,"column":4},"end":{"line":333,"column":5}}]},"17":{"line":327,"type":"binary-expr","locations":[{"start":{"line":327,"column":7},"end":{"line":327,"column":20}},{"start":{"line":327,"column":24},"end":{"line":327,"column":32}}]},"18":{"line":330,"type":"if","locations":[{"start":{"line":330,"column":11},"end":{"line":333,"column":5}},{"start":{"line":330,"column":11},"end":{"line":333,"column":5}}]}},"s":{"1":1,"2":1,"3":1,"4":1,"5":1,"6":1,"7":1,"8":21,"9":21,"10":21,"11":21,"12":21,"13":21,"14":21,"15":21,"16":21,"17":21,"18":1,"19":21,"20":21,"21":21,"22":1,"23":21,"24":21,"25":21,"26":8,"27":1,"28":22,"29":22,"30":22,"31":176,"32":176,"33":22,"34":1,"35":1,"36":1,"37":1,"38":1,"39":1,"40":1,"41":1,"42":1,"43":364,"44":1,"45":182,"46":0,"47":182,"48":182,"49":102,"50":80,"51":0,"52":80,"53":1,"54":16,"55":16,"56":128,"57":40,"58":16,"59":1,"60":8,"61":8,"62":8,"63":8,"64":8,"65":64,"66":64,"67":20,"68":20,"69":8,"70":64,"71":20,"72":20,"73":20,"74":48,"75":48,"76":20,"77":20,"78":8,"79":1,"80":17,"81":17,"82":1,"83":182,"84":1,"85":8,"86":8,"87":8,"88":8,"89":8,"90":8,"91":8,"92":8,"93":8,"94":0,"95":0,"96":1,"97":51,"98":51,"99":51,"100":26,"101":26,"102":208,"103":25,"104":25,"105":25,"106":200,"107":1,"108":1,"109":1},"b":{"1":[21,0],"2":[8,13],"3":[364,182],"4":[364,182],"5":[364,182],"6":[364,182],"7":[0,182],"8":[102,80],"9":[182,126],"10":[0,80],"11":[80,80],"12":[20,44],"13":[20,44],"14":[8,9],"15":[8,9],"16":[26,25],"17":[51,26],"18":[25,0]},"f":{"1":1,"2":21,"3":21,"4":21,"5":21,"6":22,"7":1,"8":364,"9":182,"10":16,"11":128,"12":40,"13":8,"14":17,"15":182,"16":8,"17":8,"18":0,"19":51,"20":208,"21":200},"l":{"1":1,"3":1,"5":1,"6":1,"7":1,"9":1,"23":1,"28":21,"32":21,"36":21,"52":21,"61":21,"78":21,"90":21,"91":21,"92":21,"93":21,"99":21,"100":21,"101":21,"107":1,"108":21,"109":21,"110":21,"111":8,"117":1,"118":22,"119":22,"120":22,"121":176,"122":176,"124":22,"132":1,"133":1,"134":1,"135":1,"136":1,"137":1,"138":1,"139":1,"151":1,"152":364,"176":1,"179":182,"180":0,"183":182,"185":182,"186":102,"187":80,"188":0,"190":80,"206":16,"207":16,"208":128,"210":40,"215":16,"228":1,"229":8,"230":8,"231":8,"232":8,"233":8,"234":64,"235":64,"236":20,"237":20,"240":8,"241":64,"242":20,"243":20,"244":20,"245":48,"246":48,"248":20,"249":20,"252":8,"260":1,"261":17,"262":17,"271":1,"272":182,"281":8,"283":8,"285":8,"286":8,"287":8,"289":8,"299":8,"301":8,"302":8,"304":0,"305":0,"319":1,"320":51,"321":51,"327":51,"328":26,"329":208,"330":25,"331":25,"332":200,"335":1}}}
